#
# A fatal error has been detected by the Java Runtime Environment:
#
#  EXCEPTION_ACCESS_VIOLATION (0xc0000005) at pc=0x000000006ba3cc23, pid=888, tid=5760
#
# JRE version: Java(TM) SE Runtime Environment (10.0.2+13) (build 10.0.2+13)
# Java VM: Java HotSpot(TM) 64-Bit Server VM (10.0.2+13, mixed mode, tiered, compressed oops, g1 gc, windows-amd64)
# Problematic frame:
# V  [jvm.dll+0x31cc23]
#
# No core dump will be written. Minidumps are not enabled by default on client versions of Windows
#
# If you would like to submit a bug report, please visit:
#   http://bugreport.java.com/bugreport/crash.jsp
#

---------------  S U M M A R Y ------------

Command Line: -agentlib:jdwp=transport=dt_socket,address=127.0.0.1:54865,suspend=y,server=n -javaagent:C:\Users\jmmar\.IdeaIC2018.2\system\captureAgent\debugger-agent.jar=file:/C:/Users/jmmar/AppData/Local/Temp/capture.props -Dfile.encoding=UTF-8 Login

Host: Intel(R) Core(TM) i7-4710HQ CPU @ 2.50GHz, 8 cores, 15G,  Windows 10 , 64 bit Build 17134 (10.0.17134.753)
Time: Sat Jun 22 23:56:04 2019 Hora de Verão de GMT elapsed time: 2730 seconds (0d 0h 45m 30s)

---------------  T H R E A D  ---------------

Current thread (0x0000025c7fc92000):  VMThread "VM Thread" [stack: 0x000000690ed00000,0x000000690ee00000] [id=5760]

Stack: [0x000000690ed00000,0x000000690ee00000],  sp=0x000000690edfeed0,  free space=1019k
Native frames: (J=compiled Java code, j=interpreted, Vv=VM code, C=native code)
V  [jvm.dll+0x31cc23]
V  [jvm.dll+0x320673]
V  [jvm.dll+0x320a62]
V  [jvm.dll+0x31ced5]
V  [jvm.dll+0x59097f]
V  [jvm.dll+0x590d66]
V  [jvm.dll+0x590b26]
V  [jvm.dll+0x55c148]
V  [jvm.dll+0x473bca]
V  [jvm.dll+0x6c47bc]
V  [jvm.dll+0x6c2f25]
V  [jvm.dll+0x6c3730]
V  [jvm.dll+0x6c3a6c]
V  [jvm.dll+0x59f4b0]
C  [msvcr120.dll+0x24f7f]
C  [msvcr120.dll+0x25126]
C  [KERNEL32.DLL+0x14034]
C  [ntdll.dll+0x73691]


siginfo: EXCEPTION_ACCESS_VIOLATION (0xc0000005), reading address 0xffffffffffffffff


Register to memory mapping:

RIP=0x000000006ba3cc23 jvm.dll
RAX=0x0000025c7e97ea70 is an unknown value
RBX=0x000000690edff0f0 is an unknown value
RCX=0x000000690edff160 is an unknown value
RDX=0xffffffffffffb263 is an unknown value
RSP=0x000000690edfeed0 is an unknown value
RBP=0x000000690edfef30 is an unknown value
RSI=0x0000000000000000 is an unknown value
RDI=0x00000000000000a6 is an unknown value
R8 =0x03fffffffffffec9 is an unknown value
R9 =0x0000000000000023 is an unknown value
R10=0x0000000000000026 is an unknown value
R11=0x0000000000000000 is an unknown value
R12=0x0000000000000000 is an unknown value
R13=0x00000000000003d8 is an unknown value
R14=0x000000006ba3cc00 jvm.dll
R15=0x0000000000000034 is an unknown value


Registers:
RAX=0x0000025c7e97ea70, RBX=0x000000690edff0f0, RCX=0x000000690edff160, RDX=0xffffffffffffb263
RSP=0x000000690edfeed0, RBP=0x000000690edfef30, RSI=0x0000000000000000, RDI=0x00000000000000a6
R8 =0x03fffffffffffec9, R9 =0x0000000000000023, R10=0x0000000000000026, R11=0x0000000000000000
R12=0x0000000000000000, R13=0x00000000000003d8, R14=0x000000006ba3cc00, R15=0x0000000000000034
RIP=0x000000006ba3cc23, EFLAGS=0x0000000000010a07

Top of Stack: (sp=0x000000690edfeed0)
0x000000690edfeed0:   00000ea6b93ea077 000000690edff000
0x000000690edfeee0:   0000000000000000 0000000000000000
0x000000690edfeef0:   000000690edff0f0 000000006ba40673
0x000000690edfef00:   000000690edf2fb2 000000690edff0f0
0x000000690edfef10:   0000000000000001 000000690edff030
0x000000690edfef20:   0000025c7e97ea20 000000006b825f8a
0x000000690edfef30:   0000025c7e97eda8 0000000000000001
0x000000690edfef40:   00000000000000a6 0000025c7e97e9c0
0x000000690edfef50:   0000000000000034 000000006ba40a62
0x000000690edfef60:   0000000000000031 0000000000000001
0x000000690edfef70:   000000690edff0f0 0000025c7e97e9c0
0x000000690edfef80:   0000025c7f8450a0 0000025c7fc92000
0x000000690edfef90:   0000003700000034 000000a60000006a
0x000000690edfefa0:   0000006a00000000 ffffffff000000a6
0x000000690edfefb0:   0000025c7e97eda8 0000000000000000
0x000000690edfefc0:   000000006be9d698 000000006ba3ced5 

Instructions: (pc=0x000000006ba3cc23)
0x000000006ba3cc03:   83 ec 20 48 63 d2 48 8b d9 48 83 c1 70 0f b6 c2
0x000000006ba3cc13:   4c 8b c2 24 3f 49 c1 e8 06 44 0f b6 c8 48 8b 01
0x000000006ba3cc23:   4e 8b 04 c0 4d 0f a3 c8 72 0b 41 b0 01 e8 3b 89
0x000000006ba3cc33:   de ff ff 43 6c 48 83 c4 20 5b c3 cc cc 48 83 ec 


VM_Operation (0x000000690f7ff390): GetOrSetLocal, mode: safepoint, requested by thread 0x0000025c1c72a000


---------------  P R O C E S S  ---------------

Threads class SMR info:
_java_thread_list=0x0000025c1c77b2c0, length=15, elements={
0x0000025c74ca6800, 0x0000025c7fcaa800, 0x0000025c7fcab800, 0x0000025c7fcf3800,
0x0000025c7fcf4000, 0x0000025c7fcf9000, 0x0000025c7fcfb800, 0x0000025c7fcfc800,
0x0000025c7fd00800, 0x0000025c7fd11800, 0x0000025c1c72a000, 0x0000025c1c88f000,
0x0000025c1c6e7000, 0x0000025c1c675800, 0x0000025c1c7a9000
}

Java Threads: ( => current thread )
  0x0000025c74ca6800 JavaThread "main" [_thread_blocked, id=472, stack(0x000000690d800000,0x000000690d900000)]
  0x0000025c7fcaa800 JavaThread "Reference Handler" daemon [_thread_blocked, id=1876, stack(0x000000690ee00000,0x000000690ef00000)]
  0x0000025c7fcab800 JavaThread "Finalizer" daemon [_thread_blocked, id=2656, stack(0x000000690ef00000,0x000000690f000000)]
  0x0000025c7fcf3800 JavaThread "Signal Dispatcher" daemon [_thread_blocked, id=13704, stack(0x000000690f000000,0x000000690f100000)]
  0x0000025c7fcf4000 JavaThread "Attach Listener" daemon [_thread_blocked, id=13500, stack(0x000000690f100000,0x000000690f200000)]
  0x0000025c7fcf9000 JavaThread "C2 CompilerThread0" daemon [_thread_blocked, id=5196, stack(0x000000690f200000,0x000000690f300000)]
  0x0000025c7fcfb800 JavaThread "C2 CompilerThread1" daemon [_thread_blocked, id=10912, stack(0x000000690f300000,0x000000690f400000)]
  0x0000025c7fcfc800 JavaThread "C2 CompilerThread2" daemon [_thread_blocked, id=6760, stack(0x000000690f400000,0x000000690f500000)]
  0x0000025c7fd00800 JavaThread "C1 CompilerThread3" daemon [_thread_blocked, id=2436, stack(0x000000690f500000,0x000000690f600000)]
  0x0000025c7fd11800 JavaThread "Sweeper thread" daemon [_thread_blocked, id=12972, stack(0x000000690f600000,0x000000690f700000)]
  0x0000025c1c72a000 JavaThread "JDWP Transport Listener: dt_socket" daemon [_thread_blocked, id=6512, stack(0x000000690f700000,0x000000690f800000)] _threads_hazard_ptr=0x0000025c1c77b2c0
  0x0000025c1c88f000 JavaThread "JDWP Event Helper Thread" daemon [_thread_blocked, id=2612, stack(0x000000690f800000,0x000000690f900000)]
  0x0000025c1c6e7000 JavaThread "JDWP Command Reader" daemon [_thread_in_native, id=12044, stack(0x000000690f900000,0x000000690fa00000)]
  0x0000025c1c675800 JavaThread "Common-Cleaner" daemon [_thread_blocked, id=7824, stack(0x000000690fa00000,0x000000690fb00000)]
  0x0000025c1c7a9000 JavaThread "Service Thread" daemon [_thread_blocked, id=14428, stack(0x000000690fb00000,0x000000690fc00000)]

Other Threads:
=>0x0000025c7fc92000 VMThread "VM Thread" [stack: 0x000000690ed00000,0x000000690ee00000] [id=5760]
  0x0000025c1c7ab800 WatcherThread [stack: 0x000000690fc00000,0x000000690fd00000] [id=2544]
  0x0000025c74cbf800 GCTaskThread "GC Thread#0" [stack: 0x000000690d900000,0x000000690da00000] [id=9464]
  0x0000025c74cc1000 GCTaskThread "GC Thread#1" [stack: 0x000000690da00000,0x000000690db00000] [id=12936]
  0x0000025c74cc3000 GCTaskThread "GC Thread#2" [stack: 0x000000690db00000,0x000000690dc00000] [id=7728]
  0x0000025c74ccb000 GCTaskThread "GC Thread#3" [stack: 0x000000690dc00000,0x000000690dd00000] [id=9432]
  0x0000025c74cd0000 GCTaskThread "GC Thread#4" [stack: 0x000000690dd00000,0x000000690de00000] [id=13676]
  0x0000025c74cd5000 GCTaskThread "GC Thread#5" [stack: 0x000000690de00000,0x000000690df00000] [id=9716]
  0x0000025c74cd5800 GCTaskThread "GC Thread#6" [stack: 0x000000690df00000,0x000000690e000000] [id=6932]
  0x0000025c74cd7000 GCTaskThread "GC Thread#7" [stack: 0x000000690e000000,0x000000690e100000] [id=11920]
  0x0000025c72b4e800 ConcurrentGCThread "G1 Main Marker" [stack: 0x000000690e100000,0x000000690e200000] [id=14424]
  0x0000025c74d31000 ConcurrentGCThread "G1 Conc#0" [stack: 0x000000690e200000,0x000000690e300000] [id=13660]
  0x0000025c74d32000 ConcurrentGCThread "G1 Conc#1" [stack: 0x000000690e300000,0x000000690e400000] [id=14840]
  0x0000025c7e96b800 ConcurrentGCThread "G1 Refine#0" [stack: 0x000000690e400000,0x000000690e500000] [id=7396]
  0x0000025c7e96e800 ConcurrentGCThread "G1 Refine#1" [stack: 0x000000690e500000,0x000000690e600000] [id=12136]
  0x0000025c7e970800 ConcurrentGCThread "G1 Refine#2" [stack: 0x000000690e600000,0x000000690e700000] [id=12072]
  0x0000025c7e971800 ConcurrentGCThread "G1 Refine#3" [stack: 0x000000690e700000,0x000000690e800000] [id=12388]
  0x0000025c7e974800 ConcurrentGCThread "G1 Refine#4" [stack: 0x000000690e800000,0x000000690e900000] [id=14860]
  0x0000025c7e97d800 ConcurrentGCThread "G1 Refine#5" [stack: 0x000000690e900000,0x000000690ea00000] [id=13796]
  0x0000025c7e98c800 ConcurrentGCThread "G1 Refine#6" [stack: 0x000000690ea00000,0x000000690eb00000] [id=7492]
  0x0000025c7e98e800 ConcurrentGCThread "G1 Refine#7" [stack: 0x000000690eb00000,0x000000690ec00000] [id=9584]
  0x0000025c7e992800 ConcurrentGCThread "G1 Young RemSet Sampling" [stack: 0x000000690ec00000,0x000000690ed00000] [id=7020]

Threads with active compile tasks:

VM state:at safepoint (normal execution)

VM Mutex/Monitor currently owned by a thread:  ([mutex/lock_event])
[0x0000025c74ca3e80] Threads_lock - owner thread: 0x0000025c7fc92000

Heap address: 0x00000006c1200000, size: 4078 MB, Compressed Oops mode: Zero based, Oop shift amount: 3
Narrow klass base: 0x0000000000000000, Narrow klass shift: 3
Compressed class space size: 1073741824 Address: 0x00000007c0000000

Heap:
 garbage-first heap   total 262144K, used 3072K [0x00000006c1200000, 0x00000007c0000000)
  region size 1024K, 4 young (4096K), 0 survivors (0K)
 Metaspace       used 5199K, capacity 5328K, committed 5376K, reserved 1056768K
  class space    used 441K, capacity 496K, committed 512K, reserved 1048576K
Heap Regions: E=young(eden), S=young(survivor), O=old, HS=humongous(starts), HC=humongous(continues), CS=collection set, F=free, A=archive, TS=gc time stamp, AC=allocation context, TAMS=top-at-mark-start (previous, next)
|   0|0x00000006c1200000, 0x00000006c1200000, 0x00000006c1300000|  0%| F|  |TS  0|AC  0|TAMS 0x00000006c1200000, 0x00000006c1200000|
|   1|0x00000006c1300000, 0x00000006c1300000, 0x00000006c1400000|  0%| F|  |TS  0|AC  0|TAMS 0x00000006c1300000, 0x00000006c1300000|
|   2|0x00000006c1400000, 0x00000006c1400000, 0x00000006c1500000|  0%| F|  |TS  0|AC  0|TAMS 0x00000006c1400000, 0x00000006c1400000|
|   3|0x00000006c1500000, 0x00000006c1500000, 0x00000006c1600000|  0%| F|  |TS  0|AC  0|TAMS 0x00000006c1500000, 0x00000006c1500000|
|   4|0x00000006c1600000, 0x00000006c1600000, 0x00000006c1700000|  0%| F|  |TS  0|AC  0|TAMS 0x00000006c1600000, 0x00000006c1600000|
|   5|0x00000006c1700000, 0x00000006c1700000, 0x00000006c1800000|  0%| F|  |TS  0|AC  0|TAMS 0x00000006c1700000, 0x00000006c1700000|
|   6|0x00000006c1800000, 0x00000006c1800000, 0x00000006c1900000|  0%| F|  |TS  0|AC  0|TAMS 0x00000006c1800000, 0x00000006c1800000|
|   7|0x00000006c1900000, 0x00000006c1900000, 0x00000006c1a00000|  0%| F|  |TS  0|AC  0|TAMS 0x00000006c1900000, 0x00000006c1900000|
|   8|0x00000006c1a00000, 0x00000006c1a00000, 0x00000006c1b00000|  0%| F|  |TS  0|AC  0|TAMS 0x00000006c1a00000, 0x00000006c1a00000|
|   9|0x00000006c1b00000, 0x00000006c1b00000, 0x00000006c1c00000|  0%| F|  |TS  0|AC  0|TAMS 0x00000006c1b00000, 0x00000006c1b00000|
|  10|0x00000006c1c00000, 0x00000006c1c00000, 0x00000006c1d00000|  0%| F|  |TS  0|AC  0|TAMS 0x00000006c1c00000, 0x00000006c1c00000|
|  11|0x00000006c1d00000, 0x00000006c1d00000, 0x00000006c1e00000|  0%| F|  |TS  0|AC  0|TAMS 0x00000006c1d00000, 0x00000006c1d00000|
|  12|0x00000006c1e00000, 0x00000006c1e00000, 0x00000006c1f00000|  0%| F|  |TS  0|AC  0|TAMS 0x00000006c1e00000, 0x00000006c1e00000|
|  13|0x00000006c1f00000, 0x00000006c1f00000, 0x00000006c2000000|  0%| F|  |TS  0|AC  0|TAMS 0x00000006c1f00000, 0x00000006c1f00000|
|  14|0x00000006c2000000, 0x00000006c2000000, 0x00000006c2100000|  0%| F|  |TS  0|AC  0|TAMS 0x00000006c2000000, 0x00000006c2000000|
|  15|0x00000006c2100000, 0x00000006c2100000, 0x00000006c2200000|  0%| F|  |TS  0|AC  0|TAMS 0x00000006c2100000, 0x00000006c2100000|
|  16|0x00000006c2200000, 0x00000006c2200000, 0x00000006c2300000|  0%| F|  |TS  0|AC  0|TAMS 0x00000006c2200000, 0x00000006c2200000|
|  17|0x00000006c2300000, 0x00000006c2300000, 0x00000006c2400000|  0%| F|  |TS  0|AC  0|TAMS 0x00000006c2300000, 0x00000006c2300000|
|  18|0x00000006c2400000, 0x00000006c2400000, 0x00000006c2500000|  0%| F|  |TS  0|AC  0|TAMS 0x00000006c2400000, 0x00000006c2400000|
|  19|0x00000006c2500000, 0x00000006c2500000, 0x00000006c2600000|  0%| F|  |TS  0|AC  0|TAMS 0x00000006c2500000, 0x00000006c2500000|
|  20|0x00000006c2600000, 0x00000006c2600000, 0x00000006c2700000|  0%| F|  |TS  0|AC  0|TAMS 0x00000006c2600000, 0x00000006c2600000|
|  21|0x00000006c2700000, 0x00000006c2700000, 0x00000006c2800000|  0%| F|  |TS  0|AC  0|TAMS 0x00000006c2700000, 0x00000006c2700000|
|  22|0x00000006c2800000, 0x00000006c2800000, 0x00000006c2900000|  0%| F|  |TS  0|AC  0|TAMS 0x00000006c2800000, 0x00000006c2800000|
|  23|0x00000006c2900000, 0x00000006c2900000, 0x00000006c2a00000|  0%| F|  |TS  0|AC  0|TAMS 0x00000006c2900000, 0x00000006c2900000|
|  24|0x00000006c2a00000, 0x00000006c2a00000, 0x00000006c2b00000|  0%| F|  |TS  0|AC  0|TAMS 0x00000006c2a00000, 0x00000006c2a00000|
|  25|0x00000006c2b00000, 0x00000006c2b00000, 0x00000006c2c00000|  0%| F|  |TS  0|AC  0|TAMS 0x00000006c2b00000, 0x00000006c2b00000|
|  26|0x00000006c2c00000, 0x00000006c2c00000, 0x00000006c2d00000|  0%| F|  |TS  0|AC  0|TAMS 0x00000006c2c00000, 0x00000006c2c00000|
|  27|0x00000006c2d00000, 0x00000006c2d00000, 0x00000006c2e00000|  0%| F|  |TS  0|AC  0|TAMS 0x00000006c2d00000, 0x00000006c2d00000|
|  28|0x00000006c2e00000, 0x00000006c2e00000, 0x00000006c2f00000|  0%| F|  |TS  0|AC  0|TAMS 0x00000006c2e00000, 0x00000006c2e00000|
|  29|0x00000006c2f00000, 0x00000006c2f00000, 0x00000006c3000000|  0%| F|  |TS  0|AC  0|TAMS 0x00000006c2f00000, 0x00000006c2f00000|
|  30|0x00000006c3000000, 0x00000006c3000000, 0x00000006c3100000|  0%| F|  |TS  0|AC  0|TAMS 0x00000006c3000000, 0x00000006c3000000|
|  31|0x00000006c3100000, 0x00000006c3100000, 0x00000006c3200000|  0%| F|  |TS  0|AC  0|TAMS 0x00000006c3100000, 0x00000006c3100000|
|  32|0x00000006c3200000, 0x00000006c3200000, 0x00000006c3300000|  0%| F|  |TS  0|AC  0|TAMS 0x00000006c3200000, 0x00000006c3200000|
|  33|0x00000006c3300000, 0x00000006c3300000, 0x00000006c3400000|  0%| F|  |TS  0|AC  0|TAMS 0x00000006c3300000, 0x00000006c3300000|
|  34|0x00000006c3400000, 0x00000006c3400000, 0x00000006c3500000|  0%| F|  |TS  0|AC  0|TAMS 0x00000006c3400000, 0x00000006c3400000|
|  35|0x00000006c3500000, 0x00000006c3500000, 0x00000006c3600000|  0%| F|  |TS  0|AC  0|TAMS 0x00000006c3500000, 0x00000006c3500000|
|  36|0x00000006c3600000, 0x00000006c3600000, 0x00000006c3700000|  0%| F|  |TS  0|AC  0|TAMS 0x00000006c3600000, 0x00000006c3600000|
|  37|0x00000006c3700000, 0x00000006c3700000, 0x00000006c3800000|  0%| F|  |TS  0|AC  0|TAMS 0x00000006c3700000, 0x00000006c3700000|
|  38|0x00000006c3800000, 0x00000006c3800000, 0x00000006c3900000|  0%| F|  |TS  0|AC  0|TAMS 0x00000006c3800000, 0x00000006c3800000|
|  39|0x00000006c3900000, 0x00000006c3900000, 0x00000006c3a00000|  0%| F|  |TS  0|AC  0|TAMS 0x00000006c3900000, 0x00000006c3900000|
|  40|0x00000006c3a00000, 0x00000006c3a00000, 0x00000006c3b00000|  0%| F|  |TS  0|AC  0|TAMS 0x00000006c3a00000, 0x00000006c3a00000|
|  41|0x00000006c3b00000, 0x00000006c3b00000, 0x00000006c3c00000|  0%| F|  |TS  0|AC  0|TAMS 0x00000006c3b00000, 0x00000006c3b00000|
|  42|0x00000006c3c00000, 0x00000006c3c00000, 0x00000006c3d00000|  0%| F|  |TS  0|AC  0|TAMS 0x00000006c3c00000, 0x00000006c3c00000|
|  43|0x00000006c3d00000, 0x00000006c3d00000, 0x00000006c3e00000|  0%| F|  |TS  0|AC  0|TAMS 0x00000006c3d00000, 0x00000006c3d00000|
|  44|0x00000006c3e00000, 0x00000006c3e00000, 0x00000006c3f00000|  0%| F|  |TS  0|AC  0|TAMS 0x00000006c3e00000, 0x00000006c3e00000|
|  45|0x00000006c3f00000, 0x00000006c3f00000, 0x00000006c4000000|  0%| F|  |TS  0|AC  0|TAMS 0x00000006c3f00000, 0x00000006c3f00000|
|  46|0x00000006c4000000, 0x00000006c4000000, 0x00000006c4100000|  0%| F|  |TS  0|AC  0|TAMS 0x00000006c4000000, 0x00000006c4000000|
|  47|0x00000006c4100000, 0x00000006c4100000, 0x00000006c4200000|  0%| F|  |TS  0|AC  0|TAMS 0x00000006c4100000, 0x00000006c4100000|
|  48|0x00000006c4200000, 0x00000006c4200000, 0x00000006c4300000|  0%| F|  |TS  0|AC  0|TAMS 0x00000006c4200000, 0x00000006c4200000|
|  49|0x00000006c4300000, 0x00000006c4300000, 0x00000006c4400000|  0%| F|  |TS  0|AC  0|TAMS 0x00000006c4300000, 0x00000006c4300000|
|  50|0x00000006c4400000, 0x00000006c4400000, 0x00000006c4500000|  0%| F|  |TS  0|AC  0|TAMS 0x00000006c4400000, 0x00000006c4400000|
|  51|0x00000006c4500000, 0x00000006c4500000, 0x00000006c4600000|  0%| F|  |TS  0|AC  0|TAMS 0x00000006c4500000, 0x00000006c4500000|
|  52|0x00000006c4600000, 0x00000006c4600000, 0x00000006c4700000|  0%| F|  |TS  0|AC  0|TAMS 0x00000006c4600000, 0x00000006c4600000|
|  53|0x00000006c4700000, 0x00000006c4700000, 0x00000006c4800000|  0%| F|  |TS  0|AC  0|TAMS 0x00000006c4700000, 0x00000006c4700000|
|  54|0x00000006c4800000, 0x00000006c4800000, 0x00000006c4900000|  0%| F|  |TS  0|AC  0|TAMS 0x00000006c4800000, 0x00000006c4800000|
|  55|0x00000006c4900000, 0x00000006c4900000, 0x00000006c4a00000|  0%| F|  |TS  0|AC  0|TAMS 0x00000006c4900000, 0x00000006c4900000|
|  56|0x00000006c4a00000, 0x00000006c4a00000, 0x00000006c4b00000|  0%| F|  |TS  0|AC  0|TAMS 0x00000006c4a00000, 0x00000006c4a00000|
|  57|0x00000006c4b00000, 0x00000006c4b00000, 0x00000006c4c00000|  0%| F|  |TS  0|AC  0|TAMS 0x00000006c4b00000, 0x00000006c4b00000|
|  58|0x00000006c4c00000, 0x00000006c4c00000, 0x00000006c4d00000|  0%| F|  |TS  0|AC  0|TAMS 0x00000006c4c00000, 0x00000006c4c00000|
|  59|0x00000006c4d00000, 0x00000006c4d00000, 0x00000006c4e00000|  0%| F|  |TS  0|AC  0|TAMS 0x00000006c4d00000, 0x00000006c4d00000|
|  60|0x00000006c4e00000, 0x00000006c4e00000, 0x00000006c4f00000|  0%| F|  |TS  0|AC  0|TAMS 0x00000006c4e00000, 0x00000006c4e00000|
|  61|0x00000006c4f00000, 0x00000006c4f00000, 0x00000006c5000000|  0%| F|  |TS  0|AC  0|TAMS 0x00000006c4f00000, 0x00000006c4f00000|
|  62|0x00000006c5000000, 0x00000006c5000000, 0x00000006c5100000|  0%| F|  |TS  0|AC  0|TAMS 0x00000006c5000000, 0x00000006c5000000|
|  63|0x00000006c5100000, 0x00000006c5100000, 0x00000006c5200000|  0%| F|  |TS  0|AC  0|TAMS 0x00000006c5100000, 0x00000006c5100000|
|  64|0x00000006c5200000, 0x00000006c5200000, 0x00000006c5300000|  0%| F|  |TS  0|AC  0|TAMS 0x00000006c5200000, 0x00000006c5200000|
|  65|0x00000006c5300000, 0x00000006c5300000, 0x00000006c5400000|  0%| F|  |TS  0|AC  0|TAMS 0x00000006c5300000, 0x00000006c5300000|
|  66|0x00000006c5400000, 0x00000006c5400000, 0x00000006c5500000|  0%| F|  |TS  0|AC  0|TAMS 0x00000006c5400000, 0x00000006c5400000|
|  67|0x00000006c5500000, 0x00000006c5500000, 0x00000006c5600000|  0%| F|  |TS  0|AC  0|TAMS 0x00000006c5500000, 0x00000006c5500000|
|  68|0x00000006c5600000, 0x00000006c5600000, 0x00000006c5700000|  0%| F|  |TS  0|AC  0|TAMS 0x00000006c5600000, 0x00000006c5600000|
|  69|0x00000006c5700000, 0x00000006c5700000, 0x00000006c5800000|  0%| F|  |TS  0|AC  0|TAMS 0x00000006c5700000, 0x00000006c5700000|
|  70|0x00000006c5800000, 0x00000006c5800000, 0x00000006c5900000|  0%| F|  |TS  0|AC  0|TAMS 0x00000006c5800000, 0x00000006c5800000|
|  71|0x00000006c5900000, 0x00000006c5900000, 0x00000006c5a00000|  0%| F|  |TS  0|AC  0|TAMS 0x00000006c5900000, 0x00000006c5900000|
|  72|0x00000006c5a00000, 0x00000006c5a00000, 0x00000006c5b00000|  0%| F|  |TS  0|AC  0|TAMS 0x00000006c5a00000, 0x00000006c5a00000|
|  73|0x00000006c5b00000, 0x00000006c5b00000, 0x00000006c5c00000|  0%| F|  |TS  0|AC  0|TAMS 0x00000006c5b00000, 0x00000006c5b00000|
|  74|0x00000006c5c00000, 0x00000006c5c00000, 0x00000006c5d00000|  0%| F|  |TS  0|AC  0|TAMS 0x00000006c5c00000, 0x00000006c5c00000|
|  75|0x00000006c5d00000, 0x00000006c5d00000, 0x00000006c5e00000|  0%| F|  |TS  0|AC  0|TAMS 0x00000006c5d00000, 0x00000006c5d00000|
|  76|0x00000006c5e00000, 0x00000006c5e00000, 0x00000006c5f00000|  0%| F|  |TS  0|AC  0|TAMS 0x00000006c5e00000, 0x00000006c5e00000|
|  77|0x00000006c5f00000, 0x00000006c5f00000, 0x00000006c6000000|  0%| F|  |TS  0|AC  0|TAMS 0x00000006c5f00000, 0x00000006c5f00000|
|  78|0x00000006c6000000, 0x00000006c6000000, 0x00000006c6100000|  0%| F|  |TS  0|AC  0|TAMS 0x00000006c6000000, 0x00000006c6000000|
|  79|0x00000006c6100000, 0x00000006c6100000, 0x00000006c6200000|  0%| F|  |TS  0|AC  0|TAMS 0x00000006c6100000, 0x00000006c6100000|
|  80|0x00000006c6200000, 0x00000006c6200000, 0x00000006c6300000|  0%| F|  |TS  0|AC  0|TAMS 0x00000006c6200000, 0x00000006c6200000|
|  81|0x00000006c6300000, 0x00000006c6300000, 0x00000006c6400000|  0%| F|  |TS  0|AC  0|TAMS 0x00000006c6300000, 0x00000006c6300000|
|  82|0x00000006c6400000, 0x00000006c6400000, 0x00000006c6500000|  0%| F|  |TS  0|AC  0|TAMS 0x00000006c6400000, 0x00000006c6400000|
|  83|0x00000006c6500000, 0x00000006c6500000, 0x00000006c6600000|  0%| F|  |TS  0|AC  0|TAMS 0x00000006c6500000, 0x00000006c6500000|
|  84|0x00000006c6600000, 0x00000006c6600000, 0x00000006c6700000|  0%| F|  |TS  0|AC  0|TAMS 0x00000006c6600000, 0x00000006c6600000|
|  85|0x00000006c6700000, 0x00000006c6700000, 0x00000006c6800000|  0%| F|  |TS  0|AC  0|TAMS 0x00000006c6700000, 0x00000006c6700000|
|  86|0x00000006c6800000, 0x00000006c6800000, 0x00000006c6900000|  0%| F|  |TS  0|AC  0|TAMS 0x00000006c6800000, 0x00000006c6800000|
|  87|0x00000006c6900000, 0x00000006c6900000, 0x00000006c6a00000|  0%| F|  |TS  0|AC  0|TAMS 0x00000006c6900000, 0x00000006c6900000|
|  88|0x00000006c6a00000, 0x00000006c6a00000, 0x00000006c6b00000|  0%| F|  |TS  0|AC  0|TAMS 0x00000006c6a00000, 0x00000006c6a00000|
|  89|0x00000006c6b00000, 0x00000006c6b00000, 0x00000006c6c00000|  0%| F|  |TS  0|AC  0|TAMS 0x00000006c6b00000, 0x00000006c6b00000|
|  90|0x00000006c6c00000, 0x00000006c6c00000, 0x00000006c6d00000|  0%| F|  |TS  0|AC  0|TAMS 0x00000006c6c00000, 0x00000006c6c00000|
|  91|0x00000006c6d00000, 0x00000006c6d00000, 0x00000006c6e00000|  0%| F|  |TS  0|AC  0|TAMS 0x00000006c6d00000, 0x00000006c6d00000|
|  92|0x00000006c6e00000, 0x00000006c6e00000, 0x00000006c6f00000|  0%| F|  |TS  0|AC  0|TAMS 0x00000006c6e00000, 0x00000006c6e00000|
|  93|0x00000006c6f00000, 0x00000006c6f00000, 0x00000006c7000000|  0%| F|  |TS  0|AC  0|TAMS 0x00000006c6f00000, 0x00000006c6f00000|
|  94|0x00000006c7000000, 0x00000006c7000000, 0x00000006c7100000|  0%| F|  |TS  0|AC  0|TAMS 0x00000006c7000000, 0x00000006c7000000|
|  95|0x00000006c7100000, 0x00000006c7100000, 0x00000006c7200000|  0%| F|  |TS  0|AC  0|TAMS 0x00000006c7100000, 0x00000006c7100000|
|  96|0x00000006c7200000, 0x00000006c7200000, 0x00000006c7300000|  0%| F|  |TS  0|AC  0|TAMS 0x00000006c7200000, 0x00000006c7200000|
|  97|0x00000006c7300000, 0x00000006c7300000, 0x00000006c7400000|  0%| F|  |TS  0|AC  0|TAMS 0x00000006c7300000, 0x00000006c7300000|
|  98|0x00000006c7400000, 0x00000006c7400000, 0x00000006c7500000|  0%| F|  |TS  0|AC  0|TAMS 0x00000006c7400000, 0x00000006c7400000|
|  99|0x00000006c7500000, 0x00000006c7500000, 0x00000006c7600000|  0%| F|  |TS  0|AC  0|TAMS 0x00000006c7500000, 0x00000006c7500000|
| 100|0x00000006c7600000, 0x00000006c7600000, 0x00000006c7700000|  0%| F|  |TS  0|AC  0|TAMS 0x00000006c7600000, 0x00000006c7600000|
| 101|0x00000006c7700000, 0x00000006c7700000, 0x00000006c7800000|  0%| F|  |TS  0|AC  0|TAMS 0x00000006c7700000, 0x00000006c7700000|
| 102|0x00000006c7800000, 0x00000006c7800000, 0x00000006c7900000|  0%| F|  |TS  0|AC  0|TAMS 0x00000006c7800000, 0x00000006c7800000|
| 103|0x00000006c7900000, 0x00000006c7900000, 0x00000006c7a00000|  0%| F|  |TS  0|AC  0|TAMS 0x00000006c7900000, 0x00000006c7900000|
| 104|0x00000006c7a00000, 0x00000006c7a00000, 0x00000006c7b00000|  0%| F|  |TS  0|AC  0|TAMS 0x00000006c7a00000, 0x00000006c7a00000|
| 105|0x00000006c7b00000, 0x00000006c7b00000, 0x00000006c7c00000|  0%| F|  |TS  0|AC  0|TAMS 0x00000006c7b00000, 0x00000006c7b00000|
| 106|0x00000006c7c00000, 0x00000006c7c00000, 0x00000006c7d00000|  0%| F|  |TS  0|AC  0|TAMS 0x00000006c7c00000, 0x00000006c7c00000|
| 107|0x00000006c7d00000, 0x00000006c7d00000, 0x00000006c7e00000|  0%| F|  |TS  0|AC  0|TAMS 0x00000006c7d00000, 0x00000006c7d00000|
| 108|0x00000006c7e00000, 0x00000006c7e00000, 0x00000006c7f00000|  0%| F|  |TS  0|AC  0|TAMS 0x00000006c7e00000, 0x00000006c7e00000|
| 109|0x00000006c7f00000, 0x00000006c7f00000, 0x00000006c8000000|  0%| F|  |TS  0|AC  0|TAMS 0x00000006c7f00000, 0x00000006c7f00000|
| 110|0x00000006c8000000, 0x00000006c8000000, 0x00000006c8100000|  0%| F|  |TS  0|AC  0|TAMS 0x00000006c8000000, 0x00000006c8000000|
| 111|0x00000006c8100000, 0x00000006c8100000, 0x00000006c8200000|  0%| F|  |TS  0|AC  0|TAMS 0x00000006c8100000, 0x00000006c8100000|
| 112|0x00000006c8200000, 0x00000006c8200000, 0x00000006c8300000|  0%| F|  |TS  0|AC  0|TAMS 0x00000006c8200000, 0x00000006c8200000|
| 113|0x00000006c8300000, 0x00000006c8300000, 0x00000006c8400000|  0%| F|  |TS  0|AC  0|TAMS 0x00000006c8300000, 0x00000006c8300000|
| 114|0x00000006c8400000, 0x00000006c8400000, 0x00000006c8500000|  0%| F|  |TS  0|AC  0|TAMS 0x00000006c8400000, 0x00000006c8400000|
| 115|0x00000006c8500000, 0x00000006c8500000, 0x00000006c8600000|  0%| F|  |TS  0|AC  0|TAMS 0x00000006c8500000, 0x00000006c8500000|
| 116|0x00000006c8600000, 0x00000006c8600000, 0x00000006c8700000|  0%| F|  |TS  0|AC  0|TAMS 0x00000006c8600000, 0x00000006c8600000|
| 117|0x00000006c8700000, 0x00000006c8700000, 0x00000006c8800000|  0%| F|  |TS  0|AC  0|TAMS 0x00000006c8700000, 0x00000006c8700000|
| 118|0x00000006c8800000, 0x00000006c8800000, 0x00000006c8900000|  0%| F|  |TS  0|AC  0|TAMS 0x00000006c8800000, 0x00000006c8800000|
| 119|0x00000006c8900000, 0x00000006c8900000, 0x00000006c8a00000|  0%| F|  |TS  0|AC  0|TAMS 0x00000006c8900000, 0x00000006c8900000|
| 120|0x00000006c8a00000, 0x00000006c8a00000, 0x00000006c8b00000|  0%| F|  |TS  0|AC  0|TAMS 0x00000006c8a00000, 0x00000006c8a00000|
| 121|0x00000006c8b00000, 0x00000006c8b00000, 0x00000006c8c00000|  0%| F|  |TS  0|AC  0|TAMS 0x00000006c8b00000, 0x00000006c8b00000|
| 122|0x00000006c8c00000, 0x00000006c8c00000, 0x00000006c8d00000|  0%| F|  |TS  0|AC  0|TAMS 0x00000006c8c00000, 0x00000006c8c00000|
| 123|0x00000006c8d00000, 0x00000006c8d00000, 0x00000006c8e00000|  0%| F|  |TS  0|AC  0|TAMS 0x00000006c8d00000, 0x00000006c8d00000|
| 124|0x00000006c8e00000, 0x00000006c8e00000, 0x00000006c8f00000|  0%| F|  |TS  0|AC  0|TAMS 0x00000006c8e00000, 0x00000006c8e00000|
| 125|0x00000006c8f00000, 0x00000006c8f00000, 0x00000006c9000000|  0%| F|  |TS  0|AC  0|TAMS 0x00000006c8f00000, 0x00000006c8f00000|
| 126|0x00000006c9000000, 0x00000006c9000000, 0x00000006c9100000|  0%| F|  |TS  0|AC  0|TAMS 0x00000006c9000000, 0x00000006c9000000|
| 127|0x00000006c9100000, 0x00000006c9100000, 0x00000006c9200000|  0%| F|  |TS  0|AC  0|TAMS 0x00000006c9100000, 0x00000006c9100000|
| 128|0x00000006c9200000, 0x00000006c9200000, 0x00000006c9300000|  0%| F|  |TS  0|AC  0|TAMS 0x00000006c9200000, 0x00000006c9200000|
| 129|0x00000006c9300000, 0x00000006c9300000, 0x00000006c9400000|  0%| F|  |TS  0|AC  0|TAMS 0x00000006c9300000, 0x00000006c9300000|
| 130|0x00000006c9400000, 0x00000006c9400000, 0x00000006c9500000|  0%| F|  |TS  0|AC  0|TAMS 0x00000006c9400000, 0x00000006c9400000|
| 131|0x00000006c9500000, 0x00000006c9500000, 0x00000006c9600000|  0%| F|  |TS  0|AC  0|TAMS 0x00000006c9500000, 0x00000006c9500000|
| 132|0x00000006c9600000, 0x00000006c9600000, 0x00000006c9700000|  0%| F|  |TS  0|AC  0|TAMS 0x00000006c9600000, 0x00000006c9600000|
| 133|0x00000006c9700000, 0x00000006c9700000, 0x00000006c9800000|  0%| F|  |TS  0|AC  0|TAMS 0x00000006c9700000, 0x00000006c9700000|
| 134|0x00000006c9800000, 0x00000006c9800000, 0x00000006c9900000|  0%| F|  |TS  0|AC  0|TAMS 0x00000006c9800000, 0x00000006c9800000|
| 135|0x00000006c9900000, 0x00000006c9900000, 0x00000006c9a00000|  0%| F|  |TS  0|AC  0|TAMS 0x00000006c9900000, 0x00000006c9900000|
| 136|0x00000006c9a00000, 0x00000006c9a00000, 0x00000006c9b00000|  0%| F|  |TS  0|AC  0|TAMS 0x00000006c9a00000, 0x00000006c9a00000|
| 137|0x00000006c9b00000, 0x00000006c9b00000, 0x00000006c9c00000|  0%| F|  |TS  0|AC  0|TAMS 0x00000006c9b00000, 0x00000006c9b00000|
| 138|0x00000006c9c00000, 0x00000006c9c00000, 0x00000006c9d00000|  0%| F|  |TS  0|AC  0|TAMS 0x00000006c9c00000, 0x00000006c9c00000|
| 139|0x00000006c9d00000, 0x00000006c9d00000, 0x00000006c9e00000|  0%| F|  |TS  0|AC  0|TAMS 0x00000006c9d00000, 0x00000006c9d00000|
| 140|0x00000006c9e00000, 0x00000006c9e00000, 0x00000006c9f00000|  0%| F|  |TS  0|AC  0|TAMS 0x00000006c9e00000, 0x00000006c9e00000|
| 141|0x00000006c9f00000, 0x00000006c9f00000, 0x00000006ca000000|  0%| F|  |TS  0|AC  0|TAMS 0x00000006c9f00000, 0x00000006c9f00000|
| 142|0x00000006ca000000, 0x00000006ca000000, 0x00000006ca100000|  0%| F|  |TS  0|AC  0|TAMS 0x00000006ca000000, 0x00000006ca000000|
| 143|0x00000006ca100000, 0x00000006ca100000, 0x00000006ca200000|  0%| F|  |TS  0|AC  0|TAMS 0x00000006ca100000, 0x00000006ca100000|
| 144|0x00000006ca200000, 0x00000006ca200000, 0x00000006ca300000|  0%| F|  |TS  0|AC  0|TAMS 0x00000006ca200000, 0x00000006ca200000|
| 145|0x00000006ca300000, 0x00000006ca300000, 0x00000006ca400000|  0%| F|  |TS  0|AC  0|TAMS 0x00000006ca300000, 0x00000006ca300000|
| 146|0x00000006ca400000, 0x00000006ca400000, 0x00000006ca500000|  0%| F|  |TS  0|AC  0|TAMS 0x00000006ca400000, 0x00000006ca400000|
| 147|0x00000006ca500000, 0x00000006ca500000, 0x00000006ca600000|  0%| F|  |TS  0|AC  0|TAMS 0x00000006ca500000, 0x00000006ca500000|
| 148|0x00000006ca600000, 0x00000006ca600000, 0x00000006ca700000|  0%| F|  |TS  0|AC  0|TAMS 0x00000006ca600000, 0x00000006ca600000|
| 149|0x00000006ca700000, 0x00000006ca700000, 0x00000006ca800000|  0%| F|  |TS  0|AC  0|TAMS 0x00000006ca700000, 0x00000006ca700000|
| 150|0x00000006ca800000, 0x00000006ca800000, 0x00000006ca900000|  0%| F|  |TS  0|AC  0|TAMS 0x00000006ca800000, 0x00000006ca800000|
| 151|0x00000006ca900000, 0x00000006ca900000, 0x00000006caa00000|  0%| F|  |TS  0|AC  0|TAMS 0x00000006ca900000, 0x00000006ca900000|
| 152|0x00000006caa00000, 0x00000006caa00000, 0x00000006cab00000|  0%| F|  |TS  0|AC  0|TAMS 0x00000006caa00000, 0x00000006caa00000|
| 153|0x00000006cab00000, 0x00000006cab00000, 0x00000006cac00000|  0%| F|  |TS  0|AC  0|TAMS 0x00000006cab00000, 0x00000006cab00000|
| 154|0x00000006cac00000, 0x00000006cac00000, 0x00000006cad00000|  0%| F|  |TS  0|AC  0|TAMS 0x00000006cac00000, 0x00000006cac00000|
| 155|0x00000006cad00000, 0x00000006cad00000, 0x00000006cae00000|  0%| F|  |TS  0|AC  0|TAMS 0x00000006cad00000, 0x00000006cad00000|
| 156|0x00000006cae00000, 0x00000006cae00000, 0x00000006caf00000|  0%| F|  |TS  0|AC  0|TAMS 0x00000006cae00000, 0x00000006cae00000|
| 157|0x00000006caf00000, 0x00000006caf00000, 0x00000006cb000000|  0%| F|  |TS  0|AC  0|TAMS 0x00000006caf00000, 0x00000006caf00000|
| 158|0x00000006cb000000, 0x00000006cb000000, 0x00000006cb100000|  0%| F|  |TS  0|AC  0|TAMS 0x00000006cb000000, 0x00000006cb000000|
| 159|0x00000006cb100000, 0x00000006cb100000, 0x00000006cb200000|  0%| F|  |TS  0|AC  0|TAMS 0x00000006cb100000, 0x00000006cb100000|
| 160|0x00000006cb200000, 0x00000006cb200000, 0x00000006cb300000|  0%| F|  |TS  0|AC  0|TAMS 0x00000006cb200000, 0x00000006cb200000|
| 161|0x00000006cb300000, 0x00000006cb300000, 0x00000006cb400000|  0%| F|  |TS  0|AC  0|TAMS 0x00000006cb300000, 0x00000006cb300000|
| 162|0x00000006cb400000, 0x00000006cb400000, 0x00000006cb500000|  0%| F|  |TS  0|AC  0|TAMS 0x00000006cb400000, 0x00000006cb400000|
| 163|0x00000006cb500000, 0x00000006cb500000, 0x00000006cb600000|  0%| F|  |TS  0|AC  0|TAMS 0x00000006cb500000, 0x00000006cb500000|
| 164|0x00000006cb600000, 0x00000006cb600000, 0x00000006cb700000|  0%| F|  |TS  0|AC  0|TAMS 0x00000006cb600000, 0x00000006cb600000|
| 165|0x00000006cb700000, 0x00000006cb700000, 0x00000006cb800000|  0%| F|  |TS  0|AC  0|TAMS 0x00000006cb700000, 0x00000006cb700000|
| 166|0x00000006cb800000, 0x00000006cb800000, 0x00000006cb900000|  0%| F|  |TS  0|AC  0|TAMS 0x00000006cb800000, 0x00000006cb800000|
| 167|0x00000006cb900000, 0x00000006cb900000, 0x00000006cba00000|  0%| F|  |TS  0|AC  0|TAMS 0x00000006cb900000, 0x00000006cb900000|
| 168|0x00000006cba00000, 0x00000006cba00000, 0x00000006cbb00000|  0%| F|  |TS  0|AC  0|TAMS 0x00000006cba00000, 0x00000006cba00000|
| 169|0x00000006cbb00000, 0x00000006cbb00000, 0x00000006cbc00000|  0%| F|  |TS  0|AC  0|TAMS 0x00000006cbb00000, 0x00000006cbb00000|
| 170|0x00000006cbc00000, 0x00000006cbc00000, 0x00000006cbd00000|  0%| F|  |TS  0|AC  0|TAMS 0x00000006cbc00000, 0x00000006cbc00000|
| 171|0x00000006cbd00000, 0x00000006cbd00000, 0x00000006cbe00000|  0%| F|  |TS  0|AC  0|TAMS 0x00000006cbd00000, 0x00000006cbd00000|
| 172|0x00000006cbe00000, 0x00000006cbe00000, 0x00000006cbf00000|  0%| F|  |TS  0|AC  0|TAMS 0x00000006cbe00000, 0x00000006cbe00000|
| 173|0x00000006cbf00000, 0x00000006cbf00000, 0x00000006cc000000|  0%| F|  |TS  0|AC  0|TAMS 0x00000006cbf00000, 0x00000006cbf00000|
| 174|0x00000006cc000000, 0x00000006cc000000, 0x00000006cc100000|  0%| F|  |TS  0|AC  0|TAMS 0x00000006cc000000, 0x00000006cc000000|
| 175|0x00000006cc100000, 0x00000006cc100000, 0x00000006cc200000|  0%| F|  |TS  0|AC  0|TAMS 0x00000006cc100000, 0x00000006cc100000|
| 176|0x00000006cc200000, 0x00000006cc200000, 0x00000006cc300000|  0%| F|  |TS  0|AC  0|TAMS 0x00000006cc200000, 0x00000006cc200000|
| 177|0x00000006cc300000, 0x00000006cc300000, 0x00000006cc400000|  0%| F|  |TS  0|AC  0|TAMS 0x00000006cc300000, 0x00000006cc300000|
| 178|0x00000006cc400000, 0x00000006cc400000, 0x00000006cc500000|  0%| F|  |TS  0|AC  0|TAMS 0x00000006cc400000, 0x00000006cc400000|
| 179|0x00000006cc500000, 0x00000006cc500000, 0x00000006cc600000|  0%| F|  |TS  0|AC  0|TAMS 0x00000006cc500000, 0x00000006cc500000|
| 180|0x00000006cc600000, 0x00000006cc600000, 0x00000006cc700000|  0%| F|  |TS  0|AC  0|TAMS 0x00000006cc600000, 0x00000006cc600000|
| 181|0x00000006cc700000, 0x00000006cc700000, 0x00000006cc800000|  0%| F|  |TS  0|AC  0|TAMS 0x00000006cc700000, 0x00000006cc700000|
| 182|0x00000006cc800000, 0x00000006cc800000, 0x00000006cc900000|  0%| F|  |TS  0|AC  0|TAMS 0x00000006cc800000, 0x00000006cc800000|
| 183|0x00000006cc900000, 0x00000006cc900000, 0x00000006cca00000|  0%| F|  |TS  0|AC  0|TAMS 0x00000006cc900000, 0x00000006cc900000|
| 184|0x00000006cca00000, 0x00000006cca00000, 0x00000006ccb00000|  0%| F|  |TS  0|AC  0|TAMS 0x00000006cca00000, 0x00000006cca00000|
| 185|0x00000006ccb00000, 0x00000006ccb00000, 0x00000006ccc00000|  0%| F|  |TS  0|AC  0|TAMS 0x00000006ccb00000, 0x00000006ccb00000|
| 186|0x00000006ccc00000, 0x00000006ccc00000, 0x00000006ccd00000|  0%| F|  |TS  0|AC  0|TAMS 0x00000006ccc00000, 0x00000006ccc00000|
| 187|0x00000006ccd00000, 0x00000006ccd00000, 0x00000006cce00000|  0%| F|  |TS  0|AC  0|TAMS 0x00000006ccd00000, 0x00000006ccd00000|
| 188|0x00000006cce00000, 0x00000006cce00000, 0x00000006ccf00000|  0%| F|  |TS  0|AC  0|TAMS 0x00000006cce00000, 0x00000006cce00000|
| 189|0x00000006ccf00000, 0x00000006ccf00000, 0x00000006cd000000|  0%| F|  |TS  0|AC  0|TAMS 0x00000006ccf00000, 0x00000006ccf00000|
| 190|0x00000006cd000000, 0x00000006cd000000, 0x00000006cd100000|  0%| F|  |TS  0|AC  0|TAMS 0x00000006cd000000, 0x00000006cd000000|
| 191|0x00000006cd100000, 0x00000006cd100000, 0x00000006cd200000|  0%| F|  |TS  0|AC  0|TAMS 0x00000006cd100000, 0x00000006cd100000|
| 192|0x00000006cd200000, 0x00000006cd200000, 0x00000006cd300000|  0%| F|  |TS  0|AC  0|TAMS 0x00000006cd200000, 0x00000006cd200000|
| 193|0x00000006cd300000, 0x00000006cd300000, 0x00000006cd400000|  0%| F|  |TS  0|AC  0|TAMS 0x00000006cd300000, 0x00000006cd300000|
| 194|0x00000006cd400000, 0x00000006cd400000, 0x00000006cd500000|  0%| F|  |TS  0|AC  0|TAMS 0x00000006cd400000, 0x00000006cd400000|
| 195|0x00000006cd500000, 0x00000006cd500000, 0x00000006cd600000|  0%| F|  |TS  0|AC  0|TAMS 0x00000006cd500000, 0x00000006cd500000|
| 196|0x00000006cd600000, 0x00000006cd600000, 0x00000006cd700000|  0%| F|  |TS  0|AC  0|TAMS 0x00000006cd600000, 0x00000006cd600000|
| 197|0x00000006cd700000, 0x00000006cd700000, 0x00000006cd800000|  0%| F|  |TS  0|AC  0|TAMS 0x00000006cd700000, 0x00000006cd700000|
| 198|0x00000006cd800000, 0x00000006cd800000, 0x00000006cd900000|  0%| F|  |TS  0|AC  0|TAMS 0x00000006cd800000, 0x00000006cd800000|
| 199|0x00000006cd900000, 0x00000006cd900000, 0x00000006cda00000|  0%| F|  |TS  0|AC  0|TAMS 0x00000006cd900000, 0x00000006cd900000|
| 200|0x00000006cda00000, 0x00000006cda00000, 0x00000006cdb00000|  0%| F|  |TS  0|AC  0|TAMS 0x00000006cda00000, 0x00000006cda00000|
| 201|0x00000006cdb00000, 0x00000006cdb00000, 0x00000006cdc00000|  0%| F|  |TS  0|AC  0|TAMS 0x00000006cdb00000, 0x00000006cdb00000|
| 202|0x00000006cdc00000, 0x00000006cdc00000, 0x00000006cdd00000|  0%| F|  |TS  0|AC  0|TAMS 0x00000006cdc00000, 0x00000006cdc00000|
| 203|0x00000006cdd00000, 0x00000006cdd00000, 0x00000006cde00000|  0%| F|  |TS  0|AC  0|TAMS 0x00000006cdd00000, 0x00000006cdd00000|
| 204|0x00000006cde00000, 0x00000006cde00000, 0x00000006cdf00000|  0%| F|  |TS  0|AC  0|TAMS 0x00000006cde00000, 0x00000006cde00000|
| 205|0x00000006cdf00000, 0x00000006cdf00000, 0x00000006ce000000|  0%| F|  |TS  0|AC  0|TAMS 0x00000006cdf00000, 0x00000006cdf00000|
| 206|0x00000006ce000000, 0x00000006ce000000, 0x00000006ce100000|  0%| F|  |TS  0|AC  0|TAMS 0x00000006ce000000, 0x00000006ce000000|
| 207|0x00000006ce100000, 0x00000006ce100000, 0x00000006ce200000|  0%| F|  |TS  0|AC  0|TAMS 0x00000006ce100000, 0x00000006ce100000|
| 208|0x00000006ce200000, 0x00000006ce200000, 0x00000006ce300000|  0%| F|  |TS  0|AC  0|TAMS 0x00000006ce200000, 0x00000006ce200000|
| 209|0x00000006ce300000, 0x00000006ce300000, 0x00000006ce400000|  0%| F|  |TS  0|AC  0|TAMS 0x00000006ce300000, 0x00000006ce300000|
| 210|0x00000006ce400000, 0x00000006ce400000, 0x00000006ce500000|  0%| F|  |TS  0|AC  0|TAMS 0x00000006ce400000, 0x00000006ce400000|
| 211|0x00000006ce500000, 0x00000006ce500000, 0x00000006ce600000|  0%| F|  |TS  0|AC  0|TAMS 0x00000006ce500000, 0x00000006ce500000|
| 212|0x00000006ce600000, 0x00000006ce600000, 0x00000006ce700000|  0%| F|  |TS  0|AC  0|TAMS 0x00000006ce600000, 0x00000006ce600000|
| 213|0x00000006ce700000, 0x00000006ce700000, 0x00000006ce800000|  0%| F|  |TS  0|AC  0|TAMS 0x00000006ce700000, 0x00000006ce700000|
| 214|0x00000006ce800000, 0x00000006ce800000, 0x00000006ce900000|  0%| F|  |TS  0|AC  0|TAMS 0x00000006ce800000, 0x00000006ce800000|
| 215|0x00000006ce900000, 0x00000006ce900000, 0x00000006cea00000|  0%| F|  |TS  0|AC  0|TAMS 0x00000006ce900000, 0x00000006ce900000|
| 216|0x00000006cea00000, 0x00000006cea00000, 0x00000006ceb00000|  0%| F|  |TS  0|AC  0|TAMS 0x00000006cea00000, 0x00000006cea00000|
| 217|0x00000006ceb00000, 0x00000006ceb00000, 0x00000006cec00000|  0%| F|  |TS  0|AC  0|TAMS 0x00000006ceb00000, 0x00000006ceb00000|
| 218|0x00000006cec00000, 0x00000006cec00000, 0x00000006ced00000|  0%| F|  |TS  0|AC  0|TAMS 0x00000006cec00000, 0x00000006cec00000|
| 219|0x00000006ced00000, 0x00000006ced00000, 0x00000006cee00000|  0%| F|  |TS  0|AC  0|TAMS 0x00000006ced00000, 0x00000006ced00000|
| 220|0x00000006cee00000, 0x00000006cee00000, 0x00000006cef00000|  0%| F|  |TS  0|AC  0|TAMS 0x00000006cee00000, 0x00000006cee00000|
| 221|0x00000006cef00000, 0x00000006cef00000, 0x00000006cf000000|  0%| F|  |TS  0|AC  0|TAMS 0x00000006cef00000, 0x00000006cef00000|
| 222|0x00000006cf000000, 0x00000006cf000000, 0x00000006cf100000|  0%| F|  |TS  0|AC  0|TAMS 0x00000006cf000000, 0x00000006cf000000|
| 223|0x00000006cf100000, 0x00000006cf100000, 0x00000006cf200000|  0%| F|  |TS  0|AC  0|TAMS 0x00000006cf100000, 0x00000006cf100000|
| 224|0x00000006cf200000, 0x00000006cf200000, 0x00000006cf300000|  0%| F|  |TS  0|AC  0|TAMS 0x00000006cf200000, 0x00000006cf200000|
| 225|0x00000006cf300000, 0x00000006cf300000, 0x00000006cf400000|  0%| F|  |TS  0|AC  0|TAMS 0x00000006cf300000, 0x00000006cf300000|
| 226|0x00000006cf400000, 0x00000006cf400000, 0x00000006cf500000|  0%| F|  |TS  0|AC  0|TAMS 0x00000006cf400000, 0x00000006cf400000|
| 227|0x00000006cf500000, 0x00000006cf500000, 0x00000006cf600000|  0%| F|  |TS  0|AC  0|TAMS 0x00000006cf500000, 0x00000006cf500000|
| 228|0x00000006cf600000, 0x00000006cf600000, 0x00000006cf700000|  0%| F|  |TS  0|AC  0|TAMS 0x00000006cf600000, 0x00000006cf600000|
| 229|0x00000006cf700000, 0x00000006cf700000, 0x00000006cf800000|  0%| F|  |TS  0|AC  0|TAMS 0x00000006cf700000, 0x00000006cf700000|
| 230|0x00000006cf800000, 0x00000006cf800000, 0x00000006cf900000|  0%| F|  |TS  0|AC  0|TAMS 0x00000006cf800000, 0x00000006cf800000|
| 231|0x00000006cf900000, 0x00000006cf900000, 0x00000006cfa00000|  0%| F|  |TS  0|AC  0|TAMS 0x00000006cf900000, 0x00000006cf900000|
| 232|0x00000006cfa00000, 0x00000006cfa00000, 0x00000006cfb00000|  0%| F|  |TS  0|AC  0|TAMS 0x00000006cfa00000, 0x00000006cfa00000|
| 233|0x00000006cfb00000, 0x00000006cfb00000, 0x00000006cfc00000|  0%| F|  |TS  0|AC  0|TAMS 0x00000006cfb00000, 0x00000006cfb00000|
| 234|0x00000006cfc00000, 0x00000006cfc00000, 0x00000006cfd00000|  0%| F|  |TS  0|AC  0|TAMS 0x00000006cfc00000, 0x00000006cfc00000|
| 235|0x00000006cfd00000, 0x00000006cfd00000, 0x00000006cfe00000|  0%| F|  |TS  0|AC  0|TAMS 0x00000006cfd00000, 0x00000006cfd00000|
| 236|0x00000006cfe00000, 0x00000006cfe00000, 0x00000006cff00000|  0%| F|  |TS  0|AC  0|TAMS 0x00000006cfe00000, 0x00000006cfe00000|
| 237|0x00000006cff00000, 0x00000006cff00000, 0x00000006d0000000|  0%| F|  |TS  0|AC  0|TAMS 0x00000006cff00000, 0x00000006cff00000|
| 238|0x00000006d0000000, 0x00000006d0000000, 0x00000006d0100000|  0%| F|  |TS  0|AC  0|TAMS 0x00000006d0000000, 0x00000006d0000000|
| 239|0x00000006d0100000, 0x00000006d0100000, 0x00000006d0200000|  0%| F|  |TS  0|AC  0|TAMS 0x00000006d0100000, 0x00000006d0100000|
| 240|0x00000006d0200000, 0x00000006d0200000, 0x00000006d0300000|  0%| F|  |TS  0|AC  0|TAMS 0x00000006d0200000, 0x00000006d0200000|
| 241|0x00000006d0300000, 0x00000006d0300000, 0x00000006d0400000|  0%| F|  |TS  0|AC  0|TAMS 0x00000006d0300000, 0x00000006d0300000|
| 242|0x00000006d0400000, 0x00000006d0400000, 0x00000006d0500000|  0%| F|  |TS  0|AC  0|TAMS 0x00000006d0400000, 0x00000006d0400000|
| 243|0x00000006d0500000, 0x00000006d0500000, 0x00000006d0600000|  0%| F|  |TS  0|AC  0|TAMS 0x00000006d0500000, 0x00000006d0500000|
| 244|0x00000006d0600000, 0x00000006d0600000, 0x00000006d0700000|  0%| F|  |TS  0|AC  0|TAMS 0x00000006d0600000, 0x00000006d0600000|
| 245|0x00000006d0700000, 0x00000006d0700000, 0x00000006d0800000|  0%| F|  |TS  0|AC  0|TAMS 0x00000006d0700000, 0x00000006d0700000|
| 246|0x00000006d0800000, 0x00000006d0800000, 0x00000006d0900000|  0%| F|  |TS  0|AC  0|TAMS 0x00000006d0800000, 0x00000006d0800000|
| 247|0x00000006d0900000, 0x00000006d0900000, 0x00000006d0a00000|  0%| F|  |TS  0|AC  0|TAMS 0x00000006d0900000, 0x00000006d0900000|
| 248|0x00000006d0a00000, 0x00000006d0a00000, 0x00000006d0b00000|  0%| F|  |TS  0|AC  0|TAMS 0x00000006d0a00000, 0x00000006d0a00000|
| 249|0x00000006d0b00000, 0x00000006d0b00000, 0x00000006d0c00000|  0%| F|  |TS  0|AC  0|TAMS 0x00000006d0b00000, 0x00000006d0b00000|
| 250|0x00000006d0c00000, 0x00000006d0c00000, 0x00000006d0d00000|  0%| F|  |TS  0|AC  0|TAMS 0x00000006d0c00000, 0x00000006d0c00000|
| 251|0x00000006d0d00000, 0x00000006d0d00000, 0x00000006d0e00000|  0%| F|  |TS  0|AC  0|TAMS 0x00000006d0d00000, 0x00000006d0d00000|
| 252|0x00000006d0e00000, 0x00000006d0e7ecb0, 0x00000006d0f00000| 49%| E|  |TS  0|AC  0|TAMS 0x00000006d0e00000, 0x00000006d0e00000|
| 253|0x00000006d0f00000, 0x00000006d1000000, 0x00000006d1000000|100%| E|CS|TS  0|AC  0|TAMS 0x00000006d0f00000, 0x00000006d0f00000|
| 254|0x00000006d1000000, 0x00000006d1100000, 0x00000006d1100000|100%| E|CS|TS  0|AC  0|TAMS 0x00000006d1000000, 0x00000006d1000000|
| 255|0x00000006d1100000, 0x00000006d1200000, 0x00000006d1200000|100%| E|CS|TS  0|AC  0|TAMS 0x00000006d1100000, 0x00000006d1100000|

Card table byte_map: [0x0000025c758b0000,0x0000025c760b0000] byte_map_base: 0x0000025c722a7000

Marking Bits (Prev, Next): (CMBitMap*) 0x0000025c7e8b87f0, (CMBitMap*) 0x0000025c7e8b8828
 Prev Bits: [0x0000025c768b0000, 0x0000025c7a868000)
 Next Bits: [0x0000025c7a870000, 0x0000025c7e828000)

Polling page: 0x0000025c72a30000

CodeHeap 'non-profiled nmethods': size=120000Kb used=76Kb max_used=76Kb free=119923Kb
 bounds [0x0000025c12d80000, 0x0000025c12ff0000, 0x0000025c1a2b0000]
CodeHeap 'profiled nmethods': size=120000Kb used=269Kb max_used=269Kb free=119730Kb
 bounds [0x0000025c0b850000, 0x0000025c0bac0000, 0x0000025c12d80000]
CodeHeap 'non-nmethods': size=5760Kb used=1099Kb max_used=1111Kb free=4660Kb
 bounds [0x0000025c0b2b0000, 0x0000025c0b520000, 0x0000025c0b850000]
 total_blobs=582 nmethods=208 adapters=207
 compilation: enabled

Compilation events (10 events):
Event: 0.240 Thread 0x0000025c7fcfb800  203       4       java.lang.String::charAt (25 bytes)
Event: 0.241 Thread 0x0000025c7fcfb800 nmethod 203 0x0000025c12d92190 code [0x0000025c12d92320, 0x0000025c12d92498]
Event: 0.252 Thread 0x0000025c7fcfc800  204       4       java.lang.StringLatin1::indexOf (61 bytes)
Event: 0.252 Thread 0x0000025c7fd00800  205       3       java.lang.String::charAt (25 bytes)
Event: 0.252 Thread 0x0000025c7fcf9000  206       4       java.lang.String::isLatin1 (19 bytes)
Event: 0.253 Thread 0x0000025c7fcf9000 nmethod 206 0x0000025c12d92610 code [0x0000025c12d927a0, 0x0000025c12d92818]
Event: 0.253 Thread 0x0000025c7fd00800 nmethod 205 0x0000025c0b892910 code [0x0000025c0b892b20, 0x0000025c0b8930a0]
Event: 0.255 Thread 0x0000025c7fcfc800 nmethod 204 0x0000025c12d92890 code [0x0000025c12d92a20, 0x0000025c12d92bd8]
Event: 0.258 Thread 0x0000025c7fd00800  208       3       java.lang.String::startsWith (7 bytes)
Event: 0.259 Thread 0x0000025c7fd00800 nmethod 208 0x0000025c0b893310 code [0x0000025c0b8934c0, 0x0000025c0b893670]

GC Heap History (0 events):
No events

Deoptimization events (3 events):
Event: 0.185 Thread 0x0000025c74ca6800 Uncommon trap: reason=unstable_if action=reinterpret pc=0x0000025c12d83b14 method=java.lang.String.hashCode()I @ 14 c2
Event: 0.203 Thread 0x0000025c74ca6800 Uncommon trap: reason=unstable_if action=reinterpret pc=0x0000025c12d8927c method=java.lang.String.isLatin1()Z @ 10 c2
Event: 0.251 Thread 0x0000025c74ca6800 Uncommon trap: reason=unstable_if action=reinterpret pc=0x0000025c12d92404 method=java.lang.String.charAt(I)C @ 4 c2

Classes redefined (6 events):
Event: 294.086 Thread 0x0000025c7fc92000 redefined class name=Login, count=1
Event: 294.086 Thread 0x0000025c7fc92000 redefined class name=Login$Credenciais, count=1
Event: 294.086 Thread 0x0000025c7fc92000 redefined class name=Login$Pedido, count=1
Event: 294.087 Thread 0x0000025c7fc92000 redefined class name=ValidarMarcFerias, count=1
Event: 575.964 Thread 0x0000025c7fc92000 redefined class name=ValidarMarcFerias, count=2
Event: 2730.457 Thread 0x0000025c7fc92000 redefined class name=ValidarMarcFerias, count=3

Internal exceptions (0 events):
No events

Events (10 events):
Event: 2561.063 Executing VM operation: ChangeBreakpoints done
Event: 2730.456 Executing VM operation: RedefineClasses
Event: 2730.459 Executing VM operation: RedefineClasses done
Event: 2730.460 Executing VM operation: GetFrameCount
Event: 2730.460 Executing VM operation: GetFrameCount done
Event: 2730.460 Executing VM operation: GetFrameCount
Event: 2730.460 Executing VM operation: GetFrameCount done
Event: 2730.460 Executing VM operation: GetFrameLocation
Event: 2730.460 Executing VM operation: GetFrameLocation done
Event: 2730.486 Executing VM operation: GetOrSetLocal


Dynamic libraries:
0x00007ff7b58a0000 - 0x00007ff7b58de000 	C:\Program Files\Java\jdk-10.0.2\bin\java.exe
0x00007ffaefce0000 - 0x00007ffaefec1000 	C:\WINDOWS\SYSTEM32\ntdll.dll
0x00007ffaefbf0000 - 0x00007ffaefca1000 	C:\WINDOWS\System32\KERNEL32.DLL
0x00007ffaec290000 - 0x00007ffaec503000 	C:\WINDOWS\System32\KERNELBASE.dll
0x00007ffaede30000 - 0x00007ffaeded1000 	C:\WINDOWS\System32\ADVAPI32.dll
0x00007ffaed4e0000 - 0x00007ffaed57e000 	C:\WINDOWS\System32\msvcrt.dll
0x00007ffaed170000 - 0x00007ffaed1cb000 	C:\WINDOWS\System32\sechost.dll
0x00007ffaed350000 - 0x00007ffaed474000 	C:\WINDOWS\System32\RPCRT4.dll
0x00007ffaedf50000 - 0x00007ffaee0e0000 	C:\WINDOWS\System32\USER32.dll
0x00007ffaec6b0000 - 0x00007ffaec6d0000 	C:\WINDOWS\System32\win32u.dll
0x00007ffaedbd0000 - 0x00007ffaedbf8000 	C:\WINDOWS\System32\GDI32.dll
0x00007ffaec510000 - 0x00007ffaec6a1000 	C:\WINDOWS\System32\gdi32full.dll
0x00007ffaec970000 - 0x00007ffaeca0f000 	C:\WINDOWS\System32\msvcp_win.dll
0x00007ffaec0b0000 - 0x00007ffaec1a8000 	C:\WINDOWS\System32\ucrtbase.dll
0x00007ffadb7c0000 - 0x00007ffadba29000 	C:\WINDOWS\WinSxS\amd64_microsoft.windows.common-controls_6595b64144ccf1df_6.0.17134.829_none_fb46a5473061b9d5\COMCTL32.dll
0x00007ffae8150000 - 0x00007ffae815a000 	C:\WINDOWS\SYSTEM32\VERSION.dll
0x00007ffaed700000 - 0x00007ffaeda22000 	C:\WINDOWS\System32\combase.dll
0x00007ffaec1b0000 - 0x00007ffaec22a000 	C:\WINDOWS\System32\bcryptPrimitives.dll
0x00007ffaee6a0000 - 0x00007ffaee6cd000 	C:\WINDOWS\System32\IMM32.DLL
0x00007ffad6d30000 - 0x00007ffad6e1f000 	C:\Program Files\Java\jdk-10.0.2\bin\msvcr120.dll
0x00007ffad6c80000 - 0x00007ffad6d26000 	C:\Program Files\Java\jdk-10.0.2\bin\msvcp120.dll
0x000000006b720000 - 0x000000006c190000 	C:\Program Files\Java\jdk-10.0.2\bin\server\jvm.dll
0x00007ffaedf40000 - 0x00007ffaedf48000 	C:\WINDOWS\System32\PSAPI.DLL
0x00007ffae9620000 - 0x00007ffae9629000 	C:\WINDOWS\SYSTEM32\WSOCK32.dll
0x00007ffae8920000 - 0x00007ffae8943000 	C:\WINDOWS\SYSTEM32\WINMM.dll
0x00007ffaee730000 - 0x00007ffaee79c000 	C:\WINDOWS\System32\WS2_32.dll
0x00007ffae8800000 - 0x00007ffae882a000 	C:\WINDOWS\SYSTEM32\WINMMBASE.dll
0x00007ffaed120000 - 0x00007ffaed169000 	C:\WINDOWS\System32\cfgmgr32.dll
0x00007ffae2850000 - 0x00007ffae285f000 	C:\Program Files\Java\jdk-10.0.2\bin\verify.dll
0x00007ffadb540000 - 0x00007ffadb709000 	C:\WINDOWS\SYSTEM32\DBGHELP.DLL
0x00007ffadbcf0000 - 0x00007ffadbd19000 	C:\WINDOWS\SYSTEM32\dbgcore.DLL
0x00007ffae20a0000 - 0x00007ffae20c7000 	C:\Program Files\Java\jdk-10.0.2\bin\java.dll
0x00007ffad6040000 - 0x00007ffad6076000 	C:\Program Files\Java\jdk-10.0.2\bin\jdwp.dll
0x00007ffadfce0000 - 0x00007ffadfd0a000 	C:\Program Files\Java\jdk-10.0.2\bin\instrument.dll
0x00007ffae2830000 - 0x00007ffae2846000 	C:\Program Files\Java\jdk-10.0.2\bin\zip.dll
0x00007ffae2770000 - 0x00007ffae277a000 	C:\Program Files\Java\jdk-10.0.2\bin\jimage.dll
0x00007ffaee7b0000 - 0x00007ffaefbf0000 	C:\WINDOWS\System32\SHELL32.dll
0x00007ffaed650000 - 0x00007ffaed6f9000 	C:\WINDOWS\System32\shcore.dll
0x00007ffaeca10000 - 0x00007ffaed11d000 	C:\WINDOWS\System32\windows.storage.dll
0x00007ffaee6d0000 - 0x00007ffaee721000 	C:\WINDOWS\System32\shlwapi.dll
0x00007ffaec020000 - 0x00007ffaec031000 	C:\WINDOWS\System32\kernel.appcore.dll
0x00007ffaebff0000 - 0x00007ffaec00f000 	C:\WINDOWS\System32\profapi.dll
0x00007ffaec060000 - 0x00007ffaec0ac000 	C:\WINDOWS\System32\powrprof.dll
0x00007ffaec010000 - 0x00007ffaec01a000 	C:\WINDOWS\System32\FLTLIB.DLL
0x00007ffadfc30000 - 0x00007ffadfc3a000 	C:\Program Files\Java\jdk-10.0.2\bin\dt_socket.dll
0x00007ffaeb870000 - 0x00007ffaeb8d6000 	C:\WINDOWS\system32\mswsock.dll
0x00007ffadfcc0000 - 0x00007ffadfcda000 	C:\Program Files\Java\jdk-10.0.2\bin\net.dll
0x00007ffae2e70000 - 0x00007ffae2f4d000 	C:\WINDOWS\SYSTEM32\WINHTTP.dll
0x00007ffadfca0000 - 0x00007ffadfcb1000 	C:\Program Files\Java\jdk-10.0.2\bin\nio.dll

dbghelp: loaded successfully - version: 4.0.5 - missing functions: none
symbol engine: initialized successfully - sym options: 0x614 - pdb path: .;C:\Program Files\Java\jdk-10.0.2\bin;C:\WINDOWS\SYSTEM32;C:\WINDOWS\WinSxS\amd64_microsoft.windows.common-controls_6595b64144ccf1df_6.0.17134.829_none_fb46a5473061b9d5;C:\Program Files\Java\jdk-10.0.2\bin\server

VM Arguments:
jvm_args: -agentlib:jdwp=transport=dt_socket,address=127.0.0.1:54865,suspend=y,server=n -javaagent:C:\Users\jmmar\.IdeaIC2018.2\system\captureAgent\debugger-agent.jar=file:/C:/Users/jmmar/AppData/Local/Temp/capture.props -Dfile.encoding=UTF-8 
java_command: Login
java_class_path (initial): C:\Users\jmmar\IdeaProjects\MDSTesting\out\production\MDSTesting;C:\Program Files\JetBrains\IntelliJ IDEA Community Edition 2018.2.4\lib\idea_rt.jar
Launcher Type: SUN_STANDARD

Logging:
Log output configuration:
#0: stdout all=warning uptime,level,tags
#1: stderr all=off uptime,level,tags

Environment Variables:
PATH=C:\Program Files (x86)\Common Files\Oracle\Java\javapath;C:\ProgramData\Oracle\Java\javapath;C:\WINDOWS\system32;C:\WINDOWS;C:\WINDOWS\System32\Wbem;C:\WINDOWS\System32\WindowsPowerShell\v1.0\;C:\Program Files (x86)\NVIDIA Corporation\PhysX\Common;C:\WINDOWS\system32;C:\WINDOWS;C:\WINDOWS\System32\Wbem;C:\WINDOWS\System32\WindowsPowerShell\v1.0\;C:\WINDOWS\System32\OpenSSH\;C:\TDM-GCC-64\bin;C:\Program Files\Git\cmd;C:\Users\jmmar\AppData\Local\Microsoft\WindowsApps;;C:\Users\jmmar\AppData\Local\Programs\Microsoft VS Code\bin
USERNAME=jmmar
OS=Windows_NT
PROCESSOR_IDENTIFIER=Intel64 Family 6 Model 60 Stepping 3, GenuineIntel



---------------  S Y S T E M  ---------------

OS: Windows 10 , 64 bit Build 17134 (10.0.17134.753)

CPU:total 8 (initial active 8) (4 cores per cpu, 2 threads per core) family 6 model 60 stepping 3, cmov, cx8, fxsr, mmx, sse, sse2, sse3, ssse3, sse4.1, sse4.2, popcnt, avx, avx2, aes, clmul, erms, lzcnt, ht, tsc, tscinvbit, bmi1, bmi2, fma

Memory: 4k page, physical 16695760k(8254748k free), swap 33391520k(19397400k free)

vm_info: Java HotSpot(TM) 64-Bit Server VM (10.0.2+13) for windows-amd64 JRE (10.0.2+13), built on Jun 28 2018 01:57:56 by "mach5one" with MS VC++ 12.0 (VS2013)

END.
