#
# A fatal error has been detected by the Java Runtime Environment:
#
#  EXCEPTION_ACCESS_VIOLATION (0xc0000005) at pc=0x000000005cbed5e6, pid=13084, tid=8940
#
# JRE version: Java(TM) SE Runtime Environment (10.0.2+13) (build 10.0.2+13)
# Java VM: Java HotSpot(TM) 64-Bit Server VM (10.0.2+13, mixed mode, tiered, compressed oops, g1 gc, windows-amd64)
# Problematic frame:
# V  [jvm.dll+0x61d5e6]
#
# No core dump will be written. Minidumps are not enabled by default on client versions of Windows
#
# If you would like to submit a bug report, please visit:
#   http://bugreport.java.com/bugreport/crash.jsp
#

---------------  S U M M A R Y ------------

Command Line: -agentlib:jdwp=transport=dt_socket,address=127.0.0.1:55612,suspend=y,server=n -javaagent:C:\Users\jmmar\.IdeaIC2018.2\system\captureAgent\debugger-agent.jar=file:/C:/Users/jmmar/AppData/Local/Temp/capture.props -Dfile.encoding=UTF-8 Sort

Host: Intel(R) Core(TM) i7-4710HQ CPU @ 2.50GHz, 8 cores, 15G,  Windows 10 , 64 bit Build 17134 (10.0.17134.1)
Time: Thu Jan 17 18:39:43 2019 Hora padrão de GMT elapsed time: 218 seconds (0d 0h 3m 38s)

---------------  T H R E A D  ---------------

Current thread (0x000001700408e000):  VMThread "VM Thread" [stack: 0x0000000afa800000,0x0000000afa900000] [id=8940]

Stack: [0x0000000afa800000,0x0000000afa900000],  sp=0x0000000afa8feec0,  free space=1019k
Native frames: (J=compiled Java code, j=interpreted, Vv=VM code, C=native code)
V  [jvm.dll+0x61d5e6]
V  [jvm.dll+0x31dcf3]
V  [jvm.dll+0x31fd79]
V  [jvm.dll+0x32034e]
V  [jvm.dll+0x31da85]
V  [jvm.dll+0x31cee3]
V  [jvm.dll+0x59097f]
V  [jvm.dll+0x590d66]
V  [jvm.dll+0x590b26]
V  [jvm.dll+0x55c148]
V  [jvm.dll+0x473bca]
V  [jvm.dll+0x6c47bc]
V  [jvm.dll+0x6c2f25]
V  [jvm.dll+0x6c3730]
V  [jvm.dll+0x6c3a6c]
V  [jvm.dll+0x59f4b0]
C  [msvcr120.dll+0x24f7f]
C  [msvcr120.dll+0x25126]
C  [KERNEL32.DLL+0x13034]
C  [ntdll.dll+0x73691]


siginfo: EXCEPTION_ACCESS_VIOLATION (0xc0000005), reading address 0x0000000000000006


Register to memory mapping:

RIP=0x000000005cbed5e6 jvm.dll
RAX=0x0000000000000000 is an unknown value
RBX=0x0000000000000001 is an unknown value
RCX=0x0000000afa8fef20 is an unknown value
RDX=0x0000000000000000 is an unknown value
RSP=0x0000000afa8feec0 is an unknown value
RBP=0x0000000afa8ff440 is an unknown value
RSI=0x0000000000000000 is an unknown value
RDI=0x0000000afa8ff5c0 is an unknown value
R8 =0x0000000000000000 is an unknown value
R9 =0x000001707fbc3140 is pointing into metadata
R10=0x000001707ccf8860 is an unknown value
R11=0x0000000afa8ff380 is an unknown value
R12=0x000000005cd4d601 jvm.dll
R13=0x0000000000000000 is an unknown value
R14=0x0000000000000000 is an unknown value
R15=0x0000000000000000 is an unknown value


Registers:
RAX=0x0000000000000000, RBX=0x0000000000000001, RCX=0x0000000afa8fef20, RDX=0x0000000000000000
RSP=0x0000000afa8feec0, RBP=0x0000000afa8ff440, RSI=0x0000000000000000, RDI=0x0000000afa8ff5c0
R8 =0x0000000000000000, R9 =0x000001707fbc3140, R10=0x000001707ccf8860, R11=0x0000000afa8ff380
R12=0x000000005cd4d601, R13=0x0000000000000000, R14=0x0000000000000000, R15=0x0000000000000000
RIP=0x000000005cbed5e6, EFLAGS=0x0000000000010206

Top of Stack: (sp=0x0000000afa8feec0)
0x0000000afa8feec0:   0000000afa8fef20 000000005cbedc76
0x0000000afa8feed0:   0000000000000000 0000000000000000
0x0000000afa8feee0:   0000000000000001 000000005c8edcf3
0x0000000afa8feef0:   0000000000000001 0000000afa8ff5c0
0x0000000afa8fef00:   0000000afa8fef60 0000000000000000
0x0000000afa8fef10:   0000000000000000 0000000000000000
0x0000000afa8fef20:   000000005cd98488 0000000000000000
0x0000000afa8fef30:   0000000000000000 0000000a0000000d
0x0000000afa8fef40:   0000000afa8fef50 0000000000000000
0x0000000afa8fef50:   0000000046000000 0000000000000000
0x0000000afa8fef60:   000000005cd98488 000001707cda08d8
0x0000000afa8fef70:   0000000000000019 000000000000000e
0x0000000afa8fef80:   0000000afa8fefa0 0000000000000001
0x0000000afa8fef90:   0000000000000000 0000000000000000
0x0000000afa8fefa0:   000000004fffffff 0000000000000000
0x0000000afa8fefb0:   0000000000000000 000000005cbed3c8 

Instructions: (pc=0x000000005cbed5e6)
0x000000005cbed5c6:   61 00 8d d5 61 00 cc cc cc cc 40 53 48 83 ec 20
0x000000005cbed5d6:   48 8b 41 08 c7 41 10 00 00 00 00 48 89 7c 24 38
0x000000005cbed5e6:   80 78 06 28 48 8b d9 74 22 41 b9 28 00 00 00 4c
0x000000005cbed5f6:   8d 05 64 38 1f 00 48 8d 0d 6d 38 1f 00 41 8d 51 


VM_Operation (0x0000000afb2ff160): GetOrSetLocal, mode: safepoint, requested by thread 0x0000017004646800


---------------  P R O C E S S  ---------------

Threads class SMR info:
_java_thread_list=0x0000017004656e20, length=15, elements={
0x000001705cd21000, 0x00000170040a6800, 0x00000170040a7000, 0x00000170040ec800,
0x00000170040ed000, 0x00000170040f2800, 0x00000170040f5000, 0x00000170040f6000,
0x00000170040fc000, 0x000001700410d000, 0x0000017004646800, 0x0000017004694000,
0x0000017004653000, 0x0000017004796800, 0x0000017004799800
}

Java Threads: ( => current thread )
  0x000001705cd21000 JavaThread "main" [_thread_blocked, id=10916, stack(0x0000000af9300000,0x0000000af9400000)]
  0x00000170040a6800 JavaThread "Reference Handler" daemon [_thread_blocked, id=7456, stack(0x0000000afa900000,0x0000000afaa00000)]
  0x00000170040a7000 JavaThread "Finalizer" daemon [_thread_blocked, id=3152, stack(0x0000000afaa00000,0x0000000afab00000)]
  0x00000170040ec800 JavaThread "Signal Dispatcher" daemon [_thread_blocked, id=11960, stack(0x0000000afab00000,0x0000000afac00000)]
  0x00000170040ed000 JavaThread "Attach Listener" daemon [_thread_blocked, id=2900, stack(0x0000000afac00000,0x0000000afad00000)]
  0x00000170040f2800 JavaThread "C2 CompilerThread0" daemon [_thread_blocked, id=8148, stack(0x0000000afad00000,0x0000000afae00000)]
  0x00000170040f5000 JavaThread "C2 CompilerThread1" daemon [_thread_blocked, id=3528, stack(0x0000000afae00000,0x0000000afaf00000)]
  0x00000170040f6000 JavaThread "C2 CompilerThread2" daemon [_thread_blocked, id=15248, stack(0x0000000afaf00000,0x0000000afb000000)]
  0x00000170040fc000 JavaThread "C1 CompilerThread3" daemon [_thread_blocked, id=4412, stack(0x0000000afb000000,0x0000000afb100000)]
  0x000001700410d000 JavaThread "Sweeper thread" daemon [_thread_blocked, id=3388, stack(0x0000000afb100000,0x0000000afb200000)]
  0x0000017004646800 JavaThread "JDWP Transport Listener: dt_socket" daemon [_thread_blocked, id=12668, stack(0x0000000afb200000,0x0000000afb300000)] _threads_hazard_ptr=0x0000017004656e20
  0x0000017004694000 JavaThread "JDWP Event Helper Thread" daemon [_thread_blocked, id=1908, stack(0x0000000afb300000,0x0000000afb400000)]
  0x0000017004653000 JavaThread "JDWP Command Reader" daemon [_thread_in_native, id=14356, stack(0x0000000afb400000,0x0000000afb500000)]
  0x0000017004796800 JavaThread "Common-Cleaner" daemon [_thread_blocked, id=11812, stack(0x0000000afb500000,0x0000000afb600000)]
  0x0000017004799800 JavaThread "Service Thread" daemon [_thread_blocked, id=7268, stack(0x0000000afb600000,0x0000000afb700000)]

Other Threads:
=>0x000001700408e000 VMThread "VM Thread" [stack: 0x0000000afa800000,0x0000000afa900000] [id=8940]
  0x0000017004655000 WatcherThread [stack: 0x0000000afb700000,0x0000000afb800000] [id=14740]
  0x000001705cd3a800 GCTaskThread "GC Thread#0" [stack: 0x0000000af9400000,0x0000000af9500000] [id=12964]
  0x000001705cd3d000 GCTaskThread "GC Thread#1" [stack: 0x0000000af9500000,0x0000000af9600000] [id=1124]
  0x000001705cd3e800 GCTaskThread "GC Thread#2" [stack: 0x0000000af9600000,0x0000000af9700000] [id=1200]
  0x000001705cd46800 GCTaskThread "GC Thread#3" [stack: 0x0000000af9700000,0x0000000af9800000] [id=1696]
  0x000001705cd48000 GCTaskThread "GC Thread#4" [stack: 0x0000000af9800000,0x0000000af9900000] [id=15276]
  0x000001705cd4b800 GCTaskThread "GC Thread#5" [stack: 0x0000000af9900000,0x0000000af9a00000] [id=7696]
  0x000001705cd4e000 GCTaskThread "GC Thread#6" [stack: 0x0000000af9a00000,0x0000000af9b00000] [id=11988]
  0x000001705cd51800 GCTaskThread "GC Thread#7" [stack: 0x0000000af9b00000,0x0000000af9c00000] [id=15040]
  0x000001705cda8000 ConcurrentGCThread "G1 Main Marker" [stack: 0x0000000af9c00000,0x0000000af9d00000] [id=9880]
  0x000001705cda9000 ConcurrentGCThread "G1 Conc#0" [stack: 0x0000000af9d00000,0x0000000af9e00000] [id=5572]
  0x000001705cdaa000 ConcurrentGCThread "G1 Conc#1" [stack: 0x0000000af9e00000,0x0000000af9f00000] [id=10764]
  0x000001707ccef800 ConcurrentGCThread "G1 Refine#0" [stack: 0x0000000af9f00000,0x0000000afa000000] [id=13152]
  0x000001707ccf0800 ConcurrentGCThread "G1 Refine#1" [stack: 0x0000000afa000000,0x0000000afa100000] [id=10096]
  0x000001707ccf2800 ConcurrentGCThread "G1 Refine#2" [stack: 0x0000000afa100000,0x0000000afa200000] [id=10688]
  0x000001707ccf3800 ConcurrentGCThread "G1 Refine#3" [stack: 0x0000000afa200000,0x0000000afa300000] [id=9632]
  0x000001707ccf6000 ConcurrentGCThread "G1 Refine#4" [stack: 0x0000000afa300000,0x0000000afa400000] [id=14432]
  0x000001707ccf7000 ConcurrentGCThread "G1 Refine#5" [stack: 0x0000000afa400000,0x0000000afa500000] [id=15168]
  0x000001707cd05000 ConcurrentGCThread "G1 Refine#6" [stack: 0x0000000afa500000,0x0000000afa600000] [id=7580]
  0x000001707cd05800 ConcurrentGCThread "G1 Refine#7" [stack: 0x0000000afa600000,0x0000000afa700000] [id=8072]
  0x000001707cd06000 ConcurrentGCThread "G1 Young RemSet Sampling" [stack: 0x0000000afa700000,0x0000000afa800000] [id=16064]

Threads with active compile tasks:

VM state:at safepoint (normal execution)

VM Mutex/Monitor currently owned by a thread:  ([mutex/lock_event])
[0x000001705cd1edb0] Threads_lock - owner thread: 0x000001700408e000

Heap address: 0x00000006c1200000, size: 4078 MB, Compressed Oops mode: Zero based, Oop shift amount: 3
Narrow klass base: 0x0000000000000000, Narrow klass shift: 3
Compressed class space size: 1073741824 Address: 0x00000007c0000000

Heap:
 garbage-first heap   total 262144K, used 4096K [0x00000006c1200000, 0x00000007c0000000)
  region size 1024K, 5 young (5120K), 0 survivors (0K)
 Metaspace       used 7022K, capacity 7233K, committed 7296K, reserved 1056768K
  class space    used 576K, capacity 620K, committed 640K, reserved 1048576K
Heap Regions: E=young(eden), S=young(survivor), O=old, HS=humongous(starts), HC=humongous(continues), CS=collection set, F=free, A=archive, TS=gc time stamp, AC=allocation context, TAMS=top-at-mark-start (previous, next)
|   0|0x00000006c1200000, 0x00000006c1200000, 0x00000006c1300000|  0%| F|  |TS  0|AC  0|TAMS 0x00000006c1200000, 0x00000006c1200000|
|   1|0x00000006c1300000, 0x00000006c1300000, 0x00000006c1400000|  0%| F|  |TS  0|AC  0|TAMS 0x00000006c1300000, 0x00000006c1300000|
|   2|0x00000006c1400000, 0x00000006c1400000, 0x00000006c1500000|  0%| F|  |TS  0|AC  0|TAMS 0x00000006c1400000, 0x00000006c1400000|
|   3|0x00000006c1500000, 0x00000006c1500000, 0x00000006c1600000|  0%| F|  |TS  0|AC  0|TAMS 0x00000006c1500000, 0x00000006c1500000|
|   4|0x00000006c1600000, 0x00000006c1600000, 0x00000006c1700000|  0%| F|  |TS  0|AC  0|TAMS 0x00000006c1600000, 0x00000006c1600000|
|   5|0x00000006c1700000, 0x00000006c1700000, 0x00000006c1800000|  0%| F|  |TS  0|AC  0|TAMS 0x00000006c1700000, 0x00000006c1700000|
|   6|0x00000006c1800000, 0x00000006c1800000, 0x00000006c1900000|  0%| F|  |TS  0|AC  0|TAMS 0x00000006c1800000, 0x00000006c1800000|
|   7|0x00000006c1900000, 0x00000006c1900000, 0x00000006c1a00000|  0%| F|  |TS  0|AC  0|TAMS 0x00000006c1900000, 0x00000006c1900000|
|   8|0x00000006c1a00000, 0x00000006c1a00000, 0x00000006c1b00000|  0%| F|  |TS  0|AC  0|TAMS 0x00000006c1a00000, 0x00000006c1a00000|
|   9|0x00000006c1b00000, 0x00000006c1b00000, 0x00000006c1c00000|  0%| F|  |TS  0|AC  0|TAMS 0x00000006c1b00000, 0x00000006c1b00000|
|  10|0x00000006c1c00000, 0x00000006c1c00000, 0x00000006c1d00000|  0%| F|  |TS  0|AC  0|TAMS 0x00000006c1c00000, 0x00000006c1c00000|
|  11|0x00000006c1d00000, 0x00000006c1d00000, 0x00000006c1e00000|  0%| F|  |TS  0|AC  0|TAMS 0x00000006c1d00000, 0x00000006c1d00000|
|  12|0x00000006c1e00000, 0x00000006c1e00000, 0x00000006c1f00000|  0%| F|  |TS  0|AC  0|TAMS 0x00000006c1e00000, 0x00000006c1e00000|
|  13|0x00000006c1f00000, 0x00000006c1f00000, 0x00000006c2000000|  0%| F|  |TS  0|AC  0|TAMS 0x00000006c1f00000, 0x00000006c1f00000|
|  14|0x00000006c2000000, 0x00000006c2000000, 0x00000006c2100000|  0%| F|  |TS  0|AC  0|TAMS 0x00000006c2000000, 0x00000006c2000000|
|  15|0x00000006c2100000, 0x00000006c2100000, 0x00000006c2200000|  0%| F|  |TS  0|AC  0|TAMS 0x00000006c2100000, 0x00000006c2100000|
|  16|0x00000006c2200000, 0x00000006c2200000, 0x00000006c2300000|  0%| F|  |TS  0|AC  0|TAMS 0x00000006c2200000, 0x00000006c2200000|
|  17|0x00000006c2300000, 0x00000006c2300000, 0x00000006c2400000|  0%| F|  |TS  0|AC  0|TAMS 0x00000006c2300000, 0x00000006c2300000|
|  18|0x00000006c2400000, 0x00000006c2400000, 0x00000006c2500000|  0%| F|  |TS  0|AC  0|TAMS 0x00000006c2400000, 0x00000006c2400000|
|  19|0x00000006c2500000, 0x00000006c2500000, 0x00000006c2600000|  0%| F|  |TS  0|AC  0|TAMS 0x00000006c2500000, 0x00000006c2500000|
|  20|0x00000006c2600000, 0x00000006c2600000, 0x00000006c2700000|  0%| F|  |TS  0|AC  0|TAMS 0x00000006c2600000, 0x00000006c2600000|
|  21|0x00000006c2700000, 0x00000006c2700000, 0x00000006c2800000|  0%| F|  |TS  0|AC  0|TAMS 0x00000006c2700000, 0x00000006c2700000|
|  22|0x00000006c2800000, 0x00000006c2800000, 0x00000006c2900000|  0%| F|  |TS  0|AC  0|TAMS 0x00000006c2800000, 0x00000006c2800000|
|  23|0x00000006c2900000, 0x00000006c2900000, 0x00000006c2a00000|  0%| F|  |TS  0|AC  0|TAMS 0x00000006c2900000, 0x00000006c2900000|
|  24|0x00000006c2a00000, 0x00000006c2a00000, 0x00000006c2b00000|  0%| F|  |TS  0|AC  0|TAMS 0x00000006c2a00000, 0x00000006c2a00000|
|  25|0x00000006c2b00000, 0x00000006c2b00000, 0x00000006c2c00000|  0%| F|  |TS  0|AC  0|TAMS 0x00000006c2b00000, 0x00000006c2b00000|
|  26|0x00000006c2c00000, 0x00000006c2c00000, 0x00000006c2d00000|  0%| F|  |TS  0|AC  0|TAMS 0x00000006c2c00000, 0x00000006c2c00000|
|  27|0x00000006c2d00000, 0x00000006c2d00000, 0x00000006c2e00000|  0%| F|  |TS  0|AC  0|TAMS 0x00000006c2d00000, 0x00000006c2d00000|
|  28|0x00000006c2e00000, 0x00000006c2e00000, 0x00000006c2f00000|  0%| F|  |TS  0|AC  0|TAMS 0x00000006c2e00000, 0x00000006c2e00000|
|  29|0x00000006c2f00000, 0x00000006c2f00000, 0x00000006c3000000|  0%| F|  |TS  0|AC  0|TAMS 0x00000006c2f00000, 0x00000006c2f00000|
|  30|0x00000006c3000000, 0x00000006c3000000, 0x00000006c3100000|  0%| F|  |TS  0|AC  0|TAMS 0x00000006c3000000, 0x00000006c3000000|
|  31|0x00000006c3100000, 0x00000006c3100000, 0x00000006c3200000|  0%| F|  |TS  0|AC  0|TAMS 0x00000006c3100000, 0x00000006c3100000|
|  32|0x00000006c3200000, 0x00000006c3200000, 0x00000006c3300000|  0%| F|  |TS  0|AC  0|TAMS 0x00000006c3200000, 0x00000006c3200000|
|  33|0x00000006c3300000, 0x00000006c3300000, 0x00000006c3400000|  0%| F|  |TS  0|AC  0|TAMS 0x00000006c3300000, 0x00000006c3300000|
|  34|0x00000006c3400000, 0x00000006c3400000, 0x00000006c3500000|  0%| F|  |TS  0|AC  0|TAMS 0x00000006c3400000, 0x00000006c3400000|
|  35|0x00000006c3500000, 0x00000006c3500000, 0x00000006c3600000|  0%| F|  |TS  0|AC  0|TAMS 0x00000006c3500000, 0x00000006c3500000|
|  36|0x00000006c3600000, 0x00000006c3600000, 0x00000006c3700000|  0%| F|  |TS  0|AC  0|TAMS 0x00000006c3600000, 0x00000006c3600000|
|  37|0x00000006c3700000, 0x00000006c3700000, 0x00000006c3800000|  0%| F|  |TS  0|AC  0|TAMS 0x00000006c3700000, 0x00000006c3700000|
|  38|0x00000006c3800000, 0x00000006c3800000, 0x00000006c3900000|  0%| F|  |TS  0|AC  0|TAMS 0x00000006c3800000, 0x00000006c3800000|
|  39|0x00000006c3900000, 0x00000006c3900000, 0x00000006c3a00000|  0%| F|  |TS  0|AC  0|TAMS 0x00000006c3900000, 0x00000006c3900000|
|  40|0x00000006c3a00000, 0x00000006c3a00000, 0x00000006c3b00000|  0%| F|  |TS  0|AC  0|TAMS 0x00000006c3a00000, 0x00000006c3a00000|
|  41|0x00000006c3b00000, 0x00000006c3b00000, 0x00000006c3c00000|  0%| F|  |TS  0|AC  0|TAMS 0x00000006c3b00000, 0x00000006c3b00000|
|  42|0x00000006c3c00000, 0x00000006c3c00000, 0x00000006c3d00000|  0%| F|  |TS  0|AC  0|TAMS 0x00000006c3c00000, 0x00000006c3c00000|
|  43|0x00000006c3d00000, 0x00000006c3d00000, 0x00000006c3e00000|  0%| F|  |TS  0|AC  0|TAMS 0x00000006c3d00000, 0x00000006c3d00000|
|  44|0x00000006c3e00000, 0x00000006c3e00000, 0x00000006c3f00000|  0%| F|  |TS  0|AC  0|TAMS 0x00000006c3e00000, 0x00000006c3e00000|
|  45|0x00000006c3f00000, 0x00000006c3f00000, 0x00000006c4000000|  0%| F|  |TS  0|AC  0|TAMS 0x00000006c3f00000, 0x00000006c3f00000|
|  46|0x00000006c4000000, 0x00000006c4000000, 0x00000006c4100000|  0%| F|  |TS  0|AC  0|TAMS 0x00000006c4000000, 0x00000006c4000000|
|  47|0x00000006c4100000, 0x00000006c4100000, 0x00000006c4200000|  0%| F|  |TS  0|AC  0|TAMS 0x00000006c4100000, 0x00000006c4100000|
|  48|0x00000006c4200000, 0x00000006c4200000, 0x00000006c4300000|  0%| F|  |TS  0|AC  0|TAMS 0x00000006c4200000, 0x00000006c4200000|
|  49|0x00000006c4300000, 0x00000006c4300000, 0x00000006c4400000|  0%| F|  |TS  0|AC  0|TAMS 0x00000006c4300000, 0x00000006c4300000|
|  50|0x00000006c4400000, 0x00000006c4400000, 0x00000006c4500000|  0%| F|  |TS  0|AC  0|TAMS 0x00000006c4400000, 0x00000006c4400000|
|  51|0x00000006c4500000, 0x00000006c4500000, 0x00000006c4600000|  0%| F|  |TS  0|AC  0|TAMS 0x00000006c4500000, 0x00000006c4500000|
|  52|0x00000006c4600000, 0x00000006c4600000, 0x00000006c4700000|  0%| F|  |TS  0|AC  0|TAMS 0x00000006c4600000, 0x00000006c4600000|
|  53|0x00000006c4700000, 0x00000006c4700000, 0x00000006c4800000|  0%| F|  |TS  0|AC  0|TAMS 0x00000006c4700000, 0x00000006c4700000|
|  54|0x00000006c4800000, 0x00000006c4800000, 0x00000006c4900000|  0%| F|  |TS  0|AC  0|TAMS 0x00000006c4800000, 0x00000006c4800000|
|  55|0x00000006c4900000, 0x00000006c4900000, 0x00000006c4a00000|  0%| F|  |TS  0|AC  0|TAMS 0x00000006c4900000, 0x00000006c4900000|
|  56|0x00000006c4a00000, 0x00000006c4a00000, 0x00000006c4b00000|  0%| F|  |TS  0|AC  0|TAMS 0x00000006c4a00000, 0x00000006c4a00000|
|  57|0x00000006c4b00000, 0x00000006c4b00000, 0x00000006c4c00000|  0%| F|  |TS  0|AC  0|TAMS 0x00000006c4b00000, 0x00000006c4b00000|
|  58|0x00000006c4c00000, 0x00000006c4c00000, 0x00000006c4d00000|  0%| F|  |TS  0|AC  0|TAMS 0x00000006c4c00000, 0x00000006c4c00000|
|  59|0x00000006c4d00000, 0x00000006c4d00000, 0x00000006c4e00000|  0%| F|  |TS  0|AC  0|TAMS 0x00000006c4d00000, 0x00000006c4d00000|
|  60|0x00000006c4e00000, 0x00000006c4e00000, 0x00000006c4f00000|  0%| F|  |TS  0|AC  0|TAMS 0x00000006c4e00000, 0x00000006c4e00000|
|  61|0x00000006c4f00000, 0x00000006c4f00000, 0x00000006c5000000|  0%| F|  |TS  0|AC  0|TAMS 0x00000006c4f00000, 0x00000006c4f00000|
|  62|0x00000006c5000000, 0x00000006c5000000, 0x00000006c5100000|  0%| F|  |TS  0|AC  0|TAMS 0x00000006c5000000, 0x00000006c5000000|
|  63|0x00000006c5100000, 0x00000006c5100000, 0x00000006c5200000|  0%| F|  |TS  0|AC  0|TAMS 0x00000006c5100000, 0x00000006c5100000|
|  64|0x00000006c5200000, 0x00000006c5200000, 0x00000006c5300000|  0%| F|  |TS  0|AC  0|TAMS 0x00000006c5200000, 0x00000006c5200000|
|  65|0x00000006c5300000, 0x00000006c5300000, 0x00000006c5400000|  0%| F|  |TS  0|AC  0|TAMS 0x00000006c5300000, 0x00000006c5300000|
|  66|0x00000006c5400000, 0x00000006c5400000, 0x00000006c5500000|  0%| F|  |TS  0|AC  0|TAMS 0x00000006c5400000, 0x00000006c5400000|
|  67|0x00000006c5500000, 0x00000006c5500000, 0x00000006c5600000|  0%| F|  |TS  0|AC  0|TAMS 0x00000006c5500000, 0x00000006c5500000|
|  68|0x00000006c5600000, 0x00000006c5600000, 0x00000006c5700000|  0%| F|  |TS  0|AC  0|TAMS 0x00000006c5600000, 0x00000006c5600000|
|  69|0x00000006c5700000, 0x00000006c5700000, 0x00000006c5800000|  0%| F|  |TS  0|AC  0|TAMS 0x00000006c5700000, 0x00000006c5700000|
|  70|0x00000006c5800000, 0x00000006c5800000, 0x00000006c5900000|  0%| F|  |TS  0|AC  0|TAMS 0x00000006c5800000, 0x00000006c5800000|
|  71|0x00000006c5900000, 0x00000006c5900000, 0x00000006c5a00000|  0%| F|  |TS  0|AC  0|TAMS 0x00000006c5900000, 0x00000006c5900000|
|  72|0x00000006c5a00000, 0x00000006c5a00000, 0x00000006c5b00000|  0%| F|  |TS  0|AC  0|TAMS 0x00000006c5a00000, 0x00000006c5a00000|
|  73|0x00000006c5b00000, 0x00000006c5b00000, 0x00000006c5c00000|  0%| F|  |TS  0|AC  0|TAMS 0x00000006c5b00000, 0x00000006c5b00000|
|  74|0x00000006c5c00000, 0x00000006c5c00000, 0x00000006c5d00000|  0%| F|  |TS  0|AC  0|TAMS 0x00000006c5c00000, 0x00000006c5c00000|
|  75|0x00000006c5d00000, 0x00000006c5d00000, 0x00000006c5e00000|  0%| F|  |TS  0|AC  0|TAMS 0x00000006c5d00000, 0x00000006c5d00000|
|  76|0x00000006c5e00000, 0x00000006c5e00000, 0x00000006c5f00000|  0%| F|  |TS  0|AC  0|TAMS 0x00000006c5e00000, 0x00000006c5e00000|
|  77|0x00000006c5f00000, 0x00000006c5f00000, 0x00000006c6000000|  0%| F|  |TS  0|AC  0|TAMS 0x00000006c5f00000, 0x00000006c5f00000|
|  78|0x00000006c6000000, 0x00000006c6000000, 0x00000006c6100000|  0%| F|  |TS  0|AC  0|TAMS 0x00000006c6000000, 0x00000006c6000000|
|  79|0x00000006c6100000, 0x00000006c6100000, 0x00000006c6200000|  0%| F|  |TS  0|AC  0|TAMS 0x00000006c6100000, 0x00000006c6100000|
|  80|0x00000006c6200000, 0x00000006c6200000, 0x00000006c6300000|  0%| F|  |TS  0|AC  0|TAMS 0x00000006c6200000, 0x00000006c6200000|
|  81|0x00000006c6300000, 0x00000006c6300000, 0x00000006c6400000|  0%| F|  |TS  0|AC  0|TAMS 0x00000006c6300000, 0x00000006c6300000|
|  82|0x00000006c6400000, 0x00000006c6400000, 0x00000006c6500000|  0%| F|  |TS  0|AC  0|TAMS 0x00000006c6400000, 0x00000006c6400000|
|  83|0x00000006c6500000, 0x00000006c6500000, 0x00000006c6600000|  0%| F|  |TS  0|AC  0|TAMS 0x00000006c6500000, 0x00000006c6500000|
|  84|0x00000006c6600000, 0x00000006c6600000, 0x00000006c6700000|  0%| F|  |TS  0|AC  0|TAMS 0x00000006c6600000, 0x00000006c6600000|
|  85|0x00000006c6700000, 0x00000006c6700000, 0x00000006c6800000|  0%| F|  |TS  0|AC  0|TAMS 0x00000006c6700000, 0x00000006c6700000|
|  86|0x00000006c6800000, 0x00000006c6800000, 0x00000006c6900000|  0%| F|  |TS  0|AC  0|TAMS 0x00000006c6800000, 0x00000006c6800000|
|  87|0x00000006c6900000, 0x00000006c6900000, 0x00000006c6a00000|  0%| F|  |TS  0|AC  0|TAMS 0x00000006c6900000, 0x00000006c6900000|
|  88|0x00000006c6a00000, 0x00000006c6a00000, 0x00000006c6b00000|  0%| F|  |TS  0|AC  0|TAMS 0x00000006c6a00000, 0x00000006c6a00000|
|  89|0x00000006c6b00000, 0x00000006c6b00000, 0x00000006c6c00000|  0%| F|  |TS  0|AC  0|TAMS 0x00000006c6b00000, 0x00000006c6b00000|
|  90|0x00000006c6c00000, 0x00000006c6c00000, 0x00000006c6d00000|  0%| F|  |TS  0|AC  0|TAMS 0x00000006c6c00000, 0x00000006c6c00000|
|  91|0x00000006c6d00000, 0x00000006c6d00000, 0x00000006c6e00000|  0%| F|  |TS  0|AC  0|TAMS 0x00000006c6d00000, 0x00000006c6d00000|
|  92|0x00000006c6e00000, 0x00000006c6e00000, 0x00000006c6f00000|  0%| F|  |TS  0|AC  0|TAMS 0x00000006c6e00000, 0x00000006c6e00000|
|  93|0x00000006c6f00000, 0x00000006c6f00000, 0x00000006c7000000|  0%| F|  |TS  0|AC  0|TAMS 0x00000006c6f00000, 0x00000006c6f00000|
|  94|0x00000006c7000000, 0x00000006c7000000, 0x00000006c7100000|  0%| F|  |TS  0|AC  0|TAMS 0x00000006c7000000, 0x00000006c7000000|
|  95|0x00000006c7100000, 0x00000006c7100000, 0x00000006c7200000|  0%| F|  |TS  0|AC  0|TAMS 0x00000006c7100000, 0x00000006c7100000|
|  96|0x00000006c7200000, 0x00000006c7200000, 0x00000006c7300000|  0%| F|  |TS  0|AC  0|TAMS 0x00000006c7200000, 0x00000006c7200000|
|  97|0x00000006c7300000, 0x00000006c7300000, 0x00000006c7400000|  0%| F|  |TS  0|AC  0|TAMS 0x00000006c7300000, 0x00000006c7300000|
|  98|0x00000006c7400000, 0x00000006c7400000, 0x00000006c7500000|  0%| F|  |TS  0|AC  0|TAMS 0x00000006c7400000, 0x00000006c7400000|
|  99|0x00000006c7500000, 0x00000006c7500000, 0x00000006c7600000|  0%| F|  |TS  0|AC  0|TAMS 0x00000006c7500000, 0x00000006c7500000|
| 100|0x00000006c7600000, 0x00000006c7600000, 0x00000006c7700000|  0%| F|  |TS  0|AC  0|TAMS 0x00000006c7600000, 0x00000006c7600000|
| 101|0x00000006c7700000, 0x00000006c7700000, 0x00000006c7800000|  0%| F|  |TS  0|AC  0|TAMS 0x00000006c7700000, 0x00000006c7700000|
| 102|0x00000006c7800000, 0x00000006c7800000, 0x00000006c7900000|  0%| F|  |TS  0|AC  0|TAMS 0x00000006c7800000, 0x00000006c7800000|
| 103|0x00000006c7900000, 0x00000006c7900000, 0x00000006c7a00000|  0%| F|  |TS  0|AC  0|TAMS 0x00000006c7900000, 0x00000006c7900000|
| 104|0x00000006c7a00000, 0x00000006c7a00000, 0x00000006c7b00000|  0%| F|  |TS  0|AC  0|TAMS 0x00000006c7a00000, 0x00000006c7a00000|
| 105|0x00000006c7b00000, 0x00000006c7b00000, 0x00000006c7c00000|  0%| F|  |TS  0|AC  0|TAMS 0x00000006c7b00000, 0x00000006c7b00000|
| 106|0x00000006c7c00000, 0x00000006c7c00000, 0x00000006c7d00000|  0%| F|  |TS  0|AC  0|TAMS 0x00000006c7c00000, 0x00000006c7c00000|
| 107|0x00000006c7d00000, 0x00000006c7d00000, 0x00000006c7e00000|  0%| F|  |TS  0|AC  0|TAMS 0x00000006c7d00000, 0x00000006c7d00000|
| 108|0x00000006c7e00000, 0x00000006c7e00000, 0x00000006c7f00000|  0%| F|  |TS  0|AC  0|TAMS 0x00000006c7e00000, 0x00000006c7e00000|
| 109|0x00000006c7f00000, 0x00000006c7f00000, 0x00000006c8000000|  0%| F|  |TS  0|AC  0|TAMS 0x00000006c7f00000, 0x00000006c7f00000|
| 110|0x00000006c8000000, 0x00000006c8000000, 0x00000006c8100000|  0%| F|  |TS  0|AC  0|TAMS 0x00000006c8000000, 0x00000006c8000000|
| 111|0x00000006c8100000, 0x00000006c8100000, 0x00000006c8200000|  0%| F|  |TS  0|AC  0|TAMS 0x00000006c8100000, 0x00000006c8100000|
| 112|0x00000006c8200000, 0x00000006c8200000, 0x00000006c8300000|  0%| F|  |TS  0|AC  0|TAMS 0x00000006c8200000, 0x00000006c8200000|
| 113|0x00000006c8300000, 0x00000006c8300000, 0x00000006c8400000|  0%| F|  |TS  0|AC  0|TAMS 0x00000006c8300000, 0x00000006c8300000|
| 114|0x00000006c8400000, 0x00000006c8400000, 0x00000006c8500000|  0%| F|  |TS  0|AC  0|TAMS 0x00000006c8400000, 0x00000006c8400000|
| 115|0x00000006c8500000, 0x00000006c8500000, 0x00000006c8600000|  0%| F|  |TS  0|AC  0|TAMS 0x00000006c8500000, 0x00000006c8500000|
| 116|0x00000006c8600000, 0x00000006c8600000, 0x00000006c8700000|  0%| F|  |TS  0|AC  0|TAMS 0x00000006c8600000, 0x00000006c8600000|
| 117|0x00000006c8700000, 0x00000006c8700000, 0x00000006c8800000|  0%| F|  |TS  0|AC  0|TAMS 0x00000006c8700000, 0x00000006c8700000|
| 118|0x00000006c8800000, 0x00000006c8800000, 0x00000006c8900000|  0%| F|  |TS  0|AC  0|TAMS 0x00000006c8800000, 0x00000006c8800000|
| 119|0x00000006c8900000, 0x00000006c8900000, 0x00000006c8a00000|  0%| F|  |TS  0|AC  0|TAMS 0x00000006c8900000, 0x00000006c8900000|
| 120|0x00000006c8a00000, 0x00000006c8a00000, 0x00000006c8b00000|  0%| F|  |TS  0|AC  0|TAMS 0x00000006c8a00000, 0x00000006c8a00000|
| 121|0x00000006c8b00000, 0x00000006c8b00000, 0x00000006c8c00000|  0%| F|  |TS  0|AC  0|TAMS 0x00000006c8b00000, 0x00000006c8b00000|
| 122|0x00000006c8c00000, 0x00000006c8c00000, 0x00000006c8d00000|  0%| F|  |TS  0|AC  0|TAMS 0x00000006c8c00000, 0x00000006c8c00000|
| 123|0x00000006c8d00000, 0x00000006c8d00000, 0x00000006c8e00000|  0%| F|  |TS  0|AC  0|TAMS 0x00000006c8d00000, 0x00000006c8d00000|
| 124|0x00000006c8e00000, 0x00000006c8e00000, 0x00000006c8f00000|  0%| F|  |TS  0|AC  0|TAMS 0x00000006c8e00000, 0x00000006c8e00000|
| 125|0x00000006c8f00000, 0x00000006c8f00000, 0x00000006c9000000|  0%| F|  |TS  0|AC  0|TAMS 0x00000006c8f00000, 0x00000006c8f00000|
| 126|0x00000006c9000000, 0x00000006c9000000, 0x00000006c9100000|  0%| F|  |TS  0|AC  0|TAMS 0x00000006c9000000, 0x00000006c9000000|
| 127|0x00000006c9100000, 0x00000006c9100000, 0x00000006c9200000|  0%| F|  |TS  0|AC  0|TAMS 0x00000006c9100000, 0x00000006c9100000|
| 128|0x00000006c9200000, 0x00000006c9200000, 0x00000006c9300000|  0%| F|  |TS  0|AC  0|TAMS 0x00000006c9200000, 0x00000006c9200000|
| 129|0x00000006c9300000, 0x00000006c9300000, 0x00000006c9400000|  0%| F|  |TS  0|AC  0|TAMS 0x00000006c9300000, 0x00000006c9300000|
| 130|0x00000006c9400000, 0x00000006c9400000, 0x00000006c9500000|  0%| F|  |TS  0|AC  0|TAMS 0x00000006c9400000, 0x00000006c9400000|
| 131|0x00000006c9500000, 0x00000006c9500000, 0x00000006c9600000|  0%| F|  |TS  0|AC  0|TAMS 0x00000006c9500000, 0x00000006c9500000|
| 132|0x00000006c9600000, 0x00000006c9600000, 0x00000006c9700000|  0%| F|  |TS  0|AC  0|TAMS 0x00000006c9600000, 0x00000006c9600000|
| 133|0x00000006c9700000, 0x00000006c9700000, 0x00000006c9800000|  0%| F|  |TS  0|AC  0|TAMS 0x00000006c9700000, 0x00000006c9700000|
| 134|0x00000006c9800000, 0x00000006c9800000, 0x00000006c9900000|  0%| F|  |TS  0|AC  0|TAMS 0x00000006c9800000, 0x00000006c9800000|
| 135|0x00000006c9900000, 0x00000006c9900000, 0x00000006c9a00000|  0%| F|  |TS  0|AC  0|TAMS 0x00000006c9900000, 0x00000006c9900000|
| 136|0x00000006c9a00000, 0x00000006c9a00000, 0x00000006c9b00000|  0%| F|  |TS  0|AC  0|TAMS 0x00000006c9a00000, 0x00000006c9a00000|
| 137|0x00000006c9b00000, 0x00000006c9b00000, 0x00000006c9c00000|  0%| F|  |TS  0|AC  0|TAMS 0x00000006c9b00000, 0x00000006c9b00000|
| 138|0x00000006c9c00000, 0x00000006c9c00000, 0x00000006c9d00000|  0%| F|  |TS  0|AC  0|TAMS 0x00000006c9c00000, 0x00000006c9c00000|
| 139|0x00000006c9d00000, 0x00000006c9d00000, 0x00000006c9e00000|  0%| F|  |TS  0|AC  0|TAMS 0x00000006c9d00000, 0x00000006c9d00000|
| 140|0x00000006c9e00000, 0x00000006c9e00000, 0x00000006c9f00000|  0%| F|  |TS  0|AC  0|TAMS 0x00000006c9e00000, 0x00000006c9e00000|
| 141|0x00000006c9f00000, 0x00000006c9f00000, 0x00000006ca000000|  0%| F|  |TS  0|AC  0|TAMS 0x00000006c9f00000, 0x00000006c9f00000|
| 142|0x00000006ca000000, 0x00000006ca000000, 0x00000006ca100000|  0%| F|  |TS  0|AC  0|TAMS 0x00000006ca000000, 0x00000006ca000000|
| 143|0x00000006ca100000, 0x00000006ca100000, 0x00000006ca200000|  0%| F|  |TS  0|AC  0|TAMS 0x00000006ca100000, 0x00000006ca100000|
| 144|0x00000006ca200000, 0x00000006ca200000, 0x00000006ca300000|  0%| F|  |TS  0|AC  0|TAMS 0x00000006ca200000, 0x00000006ca200000|
| 145|0x00000006ca300000, 0x00000006ca300000, 0x00000006ca400000|  0%| F|  |TS  0|AC  0|TAMS 0x00000006ca300000, 0x00000006ca300000|
| 146|0x00000006ca400000, 0x00000006ca400000, 0x00000006ca500000|  0%| F|  |TS  0|AC  0|TAMS 0x00000006ca400000, 0x00000006ca400000|
| 147|0x00000006ca500000, 0x00000006ca500000, 0x00000006ca600000|  0%| F|  |TS  0|AC  0|TAMS 0x00000006ca500000, 0x00000006ca500000|
| 148|0x00000006ca600000, 0x00000006ca600000, 0x00000006ca700000|  0%| F|  |TS  0|AC  0|TAMS 0x00000006ca600000, 0x00000006ca600000|
| 149|0x00000006ca700000, 0x00000006ca700000, 0x00000006ca800000|  0%| F|  |TS  0|AC  0|TAMS 0x00000006ca700000, 0x00000006ca700000|
| 150|0x00000006ca800000, 0x00000006ca800000, 0x00000006ca900000|  0%| F|  |TS  0|AC  0|TAMS 0x00000006ca800000, 0x00000006ca800000|
| 151|0x00000006ca900000, 0x00000006ca900000, 0x00000006caa00000|  0%| F|  |TS  0|AC  0|TAMS 0x00000006ca900000, 0x00000006ca900000|
| 152|0x00000006caa00000, 0x00000006caa00000, 0x00000006cab00000|  0%| F|  |TS  0|AC  0|TAMS 0x00000006caa00000, 0x00000006caa00000|
| 153|0x00000006cab00000, 0x00000006cab00000, 0x00000006cac00000|  0%| F|  |TS  0|AC  0|TAMS 0x00000006cab00000, 0x00000006cab00000|
| 154|0x00000006cac00000, 0x00000006cac00000, 0x00000006cad00000|  0%| F|  |TS  0|AC  0|TAMS 0x00000006cac00000, 0x00000006cac00000|
| 155|0x00000006cad00000, 0x00000006cad00000, 0x00000006cae00000|  0%| F|  |TS  0|AC  0|TAMS 0x00000006cad00000, 0x00000006cad00000|
| 156|0x00000006cae00000, 0x00000006cae00000, 0x00000006caf00000|  0%| F|  |TS  0|AC  0|TAMS 0x00000006cae00000, 0x00000006cae00000|
| 157|0x00000006caf00000, 0x00000006caf00000, 0x00000006cb000000|  0%| F|  |TS  0|AC  0|TAMS 0x00000006caf00000, 0x00000006caf00000|
| 158|0x00000006cb000000, 0x00000006cb000000, 0x00000006cb100000|  0%| F|  |TS  0|AC  0|TAMS 0x00000006cb000000, 0x00000006cb000000|
| 159|0x00000006cb100000, 0x00000006cb100000, 0x00000006cb200000|  0%| F|  |TS  0|AC  0|TAMS 0x00000006cb100000, 0x00000006cb100000|
| 160|0x00000006cb200000, 0x00000006cb200000, 0x00000006cb300000|  0%| F|  |TS  0|AC  0|TAMS 0x00000006cb200000, 0x00000006cb200000|
| 161|0x00000006cb300000, 0x00000006cb300000, 0x00000006cb400000|  0%| F|  |TS  0|AC  0|TAMS 0x00000006cb300000, 0x00000006cb300000|
| 162|0x00000006cb400000, 0x00000006cb400000, 0x00000006cb500000|  0%| F|  |TS  0|AC  0|TAMS 0x00000006cb400000, 0x00000006cb400000|
| 163|0x00000006cb500000, 0x00000006cb500000, 0x00000006cb600000|  0%| F|  |TS  0|AC  0|TAMS 0x00000006cb500000, 0x00000006cb500000|
| 164|0x00000006cb600000, 0x00000006cb600000, 0x00000006cb700000|  0%| F|  |TS  0|AC  0|TAMS 0x00000006cb600000, 0x00000006cb600000|
| 165|0x00000006cb700000, 0x00000006cb700000, 0x00000006cb800000|  0%| F|  |TS  0|AC  0|TAMS 0x00000006cb700000, 0x00000006cb700000|
| 166|0x00000006cb800000, 0x00000006cb800000, 0x00000006cb900000|  0%| F|  |TS  0|AC  0|TAMS 0x00000006cb800000, 0x00000006cb800000|
| 167|0x00000006cb900000, 0x00000006cb900000, 0x00000006cba00000|  0%| F|  |TS  0|AC  0|TAMS 0x00000006cb900000, 0x00000006cb900000|
| 168|0x00000006cba00000, 0x00000006cba00000, 0x00000006cbb00000|  0%| F|  |TS  0|AC  0|TAMS 0x00000006cba00000, 0x00000006cba00000|
| 169|0x00000006cbb00000, 0x00000006cbb00000, 0x00000006cbc00000|  0%| F|  |TS  0|AC  0|TAMS 0x00000006cbb00000, 0x00000006cbb00000|
| 170|0x00000006cbc00000, 0x00000006cbc00000, 0x00000006cbd00000|  0%| F|  |TS  0|AC  0|TAMS 0x00000006cbc00000, 0x00000006cbc00000|
| 171|0x00000006cbd00000, 0x00000006cbd00000, 0x00000006cbe00000|  0%| F|  |TS  0|AC  0|TAMS 0x00000006cbd00000, 0x00000006cbd00000|
| 172|0x00000006cbe00000, 0x00000006cbe00000, 0x00000006cbf00000|  0%| F|  |TS  0|AC  0|TAMS 0x00000006cbe00000, 0x00000006cbe00000|
| 173|0x00000006cbf00000, 0x00000006cbf00000, 0x00000006cc000000|  0%| F|  |TS  0|AC  0|TAMS 0x00000006cbf00000, 0x00000006cbf00000|
| 174|0x00000006cc000000, 0x00000006cc000000, 0x00000006cc100000|  0%| F|  |TS  0|AC  0|TAMS 0x00000006cc000000, 0x00000006cc000000|
| 175|0x00000006cc100000, 0x00000006cc100000, 0x00000006cc200000|  0%| F|  |TS  0|AC  0|TAMS 0x00000006cc100000, 0x00000006cc100000|
| 176|0x00000006cc200000, 0x00000006cc200000, 0x00000006cc300000|  0%| F|  |TS  0|AC  0|TAMS 0x00000006cc200000, 0x00000006cc200000|
| 177|0x00000006cc300000, 0x00000006cc300000, 0x00000006cc400000|  0%| F|  |TS  0|AC  0|TAMS 0x00000006cc300000, 0x00000006cc300000|
| 178|0x00000006cc400000, 0x00000006cc400000, 0x00000006cc500000|  0%| F|  |TS  0|AC  0|TAMS 0x00000006cc400000, 0x00000006cc400000|
| 179|0x00000006cc500000, 0x00000006cc500000, 0x00000006cc600000|  0%| F|  |TS  0|AC  0|TAMS 0x00000006cc500000, 0x00000006cc500000|
| 180|0x00000006cc600000, 0x00000006cc600000, 0x00000006cc700000|  0%| F|  |TS  0|AC  0|TAMS 0x00000006cc600000, 0x00000006cc600000|
| 181|0x00000006cc700000, 0x00000006cc700000, 0x00000006cc800000|  0%| F|  |TS  0|AC  0|TAMS 0x00000006cc700000, 0x00000006cc700000|
| 182|0x00000006cc800000, 0x00000006cc800000, 0x00000006cc900000|  0%| F|  |TS  0|AC  0|TAMS 0x00000006cc800000, 0x00000006cc800000|
| 183|0x00000006cc900000, 0x00000006cc900000, 0x00000006cca00000|  0%| F|  |TS  0|AC  0|TAMS 0x00000006cc900000, 0x00000006cc900000|
| 184|0x00000006cca00000, 0x00000006cca00000, 0x00000006ccb00000|  0%| F|  |TS  0|AC  0|TAMS 0x00000006cca00000, 0x00000006cca00000|
| 185|0x00000006ccb00000, 0x00000006ccb00000, 0x00000006ccc00000|  0%| F|  |TS  0|AC  0|TAMS 0x00000006ccb00000, 0x00000006ccb00000|
| 186|0x00000006ccc00000, 0x00000006ccc00000, 0x00000006ccd00000|  0%| F|  |TS  0|AC  0|TAMS 0x00000006ccc00000, 0x00000006ccc00000|
| 187|0x00000006ccd00000, 0x00000006ccd00000, 0x00000006cce00000|  0%| F|  |TS  0|AC  0|TAMS 0x00000006ccd00000, 0x00000006ccd00000|
| 188|0x00000006cce00000, 0x00000006cce00000, 0x00000006ccf00000|  0%| F|  |TS  0|AC  0|TAMS 0x00000006cce00000, 0x00000006cce00000|
| 189|0x00000006ccf00000, 0x00000006ccf00000, 0x00000006cd000000|  0%| F|  |TS  0|AC  0|TAMS 0x00000006ccf00000, 0x00000006ccf00000|
| 190|0x00000006cd000000, 0x00000006cd000000, 0x00000006cd100000|  0%| F|  |TS  0|AC  0|TAMS 0x00000006cd000000, 0x00000006cd000000|
| 191|0x00000006cd100000, 0x00000006cd100000, 0x00000006cd200000|  0%| F|  |TS  0|AC  0|TAMS 0x00000006cd100000, 0x00000006cd100000|
| 192|0x00000006cd200000, 0x00000006cd200000, 0x00000006cd300000|  0%| F|  |TS  0|AC  0|TAMS 0x00000006cd200000, 0x00000006cd200000|
| 193|0x00000006cd300000, 0x00000006cd300000, 0x00000006cd400000|  0%| F|  |TS  0|AC  0|TAMS 0x00000006cd300000, 0x00000006cd300000|
| 194|0x00000006cd400000, 0x00000006cd400000, 0x00000006cd500000|  0%| F|  |TS  0|AC  0|TAMS 0x00000006cd400000, 0x00000006cd400000|
| 195|0x00000006cd500000, 0x00000006cd500000, 0x00000006cd600000|  0%| F|  |TS  0|AC  0|TAMS 0x00000006cd500000, 0x00000006cd500000|
| 196|0x00000006cd600000, 0x00000006cd600000, 0x00000006cd700000|  0%| F|  |TS  0|AC  0|TAMS 0x00000006cd600000, 0x00000006cd600000|
| 197|0x00000006cd700000, 0x00000006cd700000, 0x00000006cd800000|  0%| F|  |TS  0|AC  0|TAMS 0x00000006cd700000, 0x00000006cd700000|
| 198|0x00000006cd800000, 0x00000006cd800000, 0x00000006cd900000|  0%| F|  |TS  0|AC  0|TAMS 0x00000006cd800000, 0x00000006cd800000|
| 199|0x00000006cd900000, 0x00000006cd900000, 0x00000006cda00000|  0%| F|  |TS  0|AC  0|TAMS 0x00000006cd900000, 0x00000006cd900000|
| 200|0x00000006cda00000, 0x00000006cda00000, 0x00000006cdb00000|  0%| F|  |TS  0|AC  0|TAMS 0x00000006cda00000, 0x00000006cda00000|
| 201|0x00000006cdb00000, 0x00000006cdb00000, 0x00000006cdc00000|  0%| F|  |TS  0|AC  0|TAMS 0x00000006cdb00000, 0x00000006cdb00000|
| 202|0x00000006cdc00000, 0x00000006cdc00000, 0x00000006cdd00000|  0%| F|  |TS  0|AC  0|TAMS 0x00000006cdc00000, 0x00000006cdc00000|
| 203|0x00000006cdd00000, 0x00000006cdd00000, 0x00000006cde00000|  0%| F|  |TS  0|AC  0|TAMS 0x00000006cdd00000, 0x00000006cdd00000|
| 204|0x00000006cde00000, 0x00000006cde00000, 0x00000006cdf00000|  0%| F|  |TS  0|AC  0|TAMS 0x00000006cde00000, 0x00000006cde00000|
| 205|0x00000006cdf00000, 0x00000006cdf00000, 0x00000006ce000000|  0%| F|  |TS  0|AC  0|TAMS 0x00000006cdf00000, 0x00000006cdf00000|
| 206|0x00000006ce000000, 0x00000006ce000000, 0x00000006ce100000|  0%| F|  |TS  0|AC  0|TAMS 0x00000006ce000000, 0x00000006ce000000|
| 207|0x00000006ce100000, 0x00000006ce100000, 0x00000006ce200000|  0%| F|  |TS  0|AC  0|TAMS 0x00000006ce100000, 0x00000006ce100000|
| 208|0x00000006ce200000, 0x00000006ce200000, 0x00000006ce300000|  0%| F|  |TS  0|AC  0|TAMS 0x00000006ce200000, 0x00000006ce200000|
| 209|0x00000006ce300000, 0x00000006ce300000, 0x00000006ce400000|  0%| F|  |TS  0|AC  0|TAMS 0x00000006ce300000, 0x00000006ce300000|
| 210|0x00000006ce400000, 0x00000006ce400000, 0x00000006ce500000|  0%| F|  |TS  0|AC  0|TAMS 0x00000006ce400000, 0x00000006ce400000|
| 211|0x00000006ce500000, 0x00000006ce500000, 0x00000006ce600000|  0%| F|  |TS  0|AC  0|TAMS 0x00000006ce500000, 0x00000006ce500000|
| 212|0x00000006ce600000, 0x00000006ce600000, 0x00000006ce700000|  0%| F|  |TS  0|AC  0|TAMS 0x00000006ce600000, 0x00000006ce600000|
| 213|0x00000006ce700000, 0x00000006ce700000, 0x00000006ce800000|  0%| F|  |TS  0|AC  0|TAMS 0x00000006ce700000, 0x00000006ce700000|
| 214|0x00000006ce800000, 0x00000006ce800000, 0x00000006ce900000|  0%| F|  |TS  0|AC  0|TAMS 0x00000006ce800000, 0x00000006ce800000|
| 215|0x00000006ce900000, 0x00000006ce900000, 0x00000006cea00000|  0%| F|  |TS  0|AC  0|TAMS 0x00000006ce900000, 0x00000006ce900000|
| 216|0x00000006cea00000, 0x00000006cea00000, 0x00000006ceb00000|  0%| F|  |TS  0|AC  0|TAMS 0x00000006cea00000, 0x00000006cea00000|
| 217|0x00000006ceb00000, 0x00000006ceb00000, 0x00000006cec00000|  0%| F|  |TS  0|AC  0|TAMS 0x00000006ceb00000, 0x00000006ceb00000|
| 218|0x00000006cec00000, 0x00000006cec00000, 0x00000006ced00000|  0%| F|  |TS  0|AC  0|TAMS 0x00000006cec00000, 0x00000006cec00000|
| 219|0x00000006ced00000, 0x00000006ced00000, 0x00000006cee00000|  0%| F|  |TS  0|AC  0|TAMS 0x00000006ced00000, 0x00000006ced00000|
| 220|0x00000006cee00000, 0x00000006cee00000, 0x00000006cef00000|  0%| F|  |TS  0|AC  0|TAMS 0x00000006cee00000, 0x00000006cee00000|
| 221|0x00000006cef00000, 0x00000006cef00000, 0x00000006cf000000|  0%| F|  |TS  0|AC  0|TAMS 0x00000006cef00000, 0x00000006cef00000|
| 222|0x00000006cf000000, 0x00000006cf000000, 0x00000006cf100000|  0%| F|  |TS  0|AC  0|TAMS 0x00000006cf000000, 0x00000006cf000000|
| 223|0x00000006cf100000, 0x00000006cf100000, 0x00000006cf200000|  0%| F|  |TS  0|AC  0|TAMS 0x00000006cf100000, 0x00000006cf100000|
| 224|0x00000006cf200000, 0x00000006cf200000, 0x00000006cf300000|  0%| F|  |TS  0|AC  0|TAMS 0x00000006cf200000, 0x00000006cf200000|
| 225|0x00000006cf300000, 0x00000006cf300000, 0x00000006cf400000|  0%| F|  |TS  0|AC  0|TAMS 0x00000006cf300000, 0x00000006cf300000|
| 226|0x00000006cf400000, 0x00000006cf400000, 0x00000006cf500000|  0%| F|  |TS  0|AC  0|TAMS 0x00000006cf400000, 0x00000006cf400000|
| 227|0x00000006cf500000, 0x00000006cf500000, 0x00000006cf600000|  0%| F|  |TS  0|AC  0|TAMS 0x00000006cf500000, 0x00000006cf500000|
| 228|0x00000006cf600000, 0x00000006cf600000, 0x00000006cf700000|  0%| F|  |TS  0|AC  0|TAMS 0x00000006cf600000, 0x00000006cf600000|
| 229|0x00000006cf700000, 0x00000006cf700000, 0x00000006cf800000|  0%| F|  |TS  0|AC  0|TAMS 0x00000006cf700000, 0x00000006cf700000|
| 230|0x00000006cf800000, 0x00000006cf800000, 0x00000006cf900000|  0%| F|  |TS  0|AC  0|TAMS 0x00000006cf800000, 0x00000006cf800000|
| 231|0x00000006cf900000, 0x00000006cf900000, 0x00000006cfa00000|  0%| F|  |TS  0|AC  0|TAMS 0x00000006cf900000, 0x00000006cf900000|
| 232|0x00000006cfa00000, 0x00000006cfa00000, 0x00000006cfb00000|  0%| F|  |TS  0|AC  0|TAMS 0x00000006cfa00000, 0x00000006cfa00000|
| 233|0x00000006cfb00000, 0x00000006cfb00000, 0x00000006cfc00000|  0%| F|  |TS  0|AC  0|TAMS 0x00000006cfb00000, 0x00000006cfb00000|
| 234|0x00000006cfc00000, 0x00000006cfc00000, 0x00000006cfd00000|  0%| F|  |TS  0|AC  0|TAMS 0x00000006cfc00000, 0x00000006cfc00000|
| 235|0x00000006cfd00000, 0x00000006cfd00000, 0x00000006cfe00000|  0%| F|  |TS  0|AC  0|TAMS 0x00000006cfd00000, 0x00000006cfd00000|
| 236|0x00000006cfe00000, 0x00000006cfe00000, 0x00000006cff00000|  0%| F|  |TS  0|AC  0|TAMS 0x00000006cfe00000, 0x00000006cfe00000|
| 237|0x00000006cff00000, 0x00000006cff00000, 0x00000006d0000000|  0%| F|  |TS  0|AC  0|TAMS 0x00000006cff00000, 0x00000006cff00000|
| 238|0x00000006d0000000, 0x00000006d0000000, 0x00000006d0100000|  0%| F|  |TS  0|AC  0|TAMS 0x00000006d0000000, 0x00000006d0000000|
| 239|0x00000006d0100000, 0x00000006d0100000, 0x00000006d0200000|  0%| F|  |TS  0|AC  0|TAMS 0x00000006d0100000, 0x00000006d0100000|
| 240|0x00000006d0200000, 0x00000006d0200000, 0x00000006d0300000|  0%| F|  |TS  0|AC  0|TAMS 0x00000006d0200000, 0x00000006d0200000|
| 241|0x00000006d0300000, 0x00000006d0300000, 0x00000006d0400000|  0%| F|  |TS  0|AC  0|TAMS 0x00000006d0300000, 0x00000006d0300000|
| 242|0x00000006d0400000, 0x00000006d0400000, 0x00000006d0500000|  0%| F|  |TS  0|AC  0|TAMS 0x00000006d0400000, 0x00000006d0400000|
| 243|0x00000006d0500000, 0x00000006d0500000, 0x00000006d0600000|  0%| F|  |TS  0|AC  0|TAMS 0x00000006d0500000, 0x00000006d0500000|
| 244|0x00000006d0600000, 0x00000006d0600000, 0x00000006d0700000|  0%| F|  |TS  0|AC  0|TAMS 0x00000006d0600000, 0x00000006d0600000|
| 245|0x00000006d0700000, 0x00000006d0700000, 0x00000006d0800000|  0%| F|  |TS  0|AC  0|TAMS 0x00000006d0700000, 0x00000006d0700000|
| 246|0x00000006d0800000, 0x00000006d0800000, 0x00000006d0900000|  0%| F|  |TS  0|AC  0|TAMS 0x00000006d0800000, 0x00000006d0800000|
| 247|0x00000006d0900000, 0x00000006d0900000, 0x00000006d0a00000|  0%| F|  |TS  0|AC  0|TAMS 0x00000006d0900000, 0x00000006d0900000|
| 248|0x00000006d0a00000, 0x00000006d0a00000, 0x00000006d0b00000|  0%| F|  |TS  0|AC  0|TAMS 0x00000006d0a00000, 0x00000006d0a00000|
| 249|0x00000006d0b00000, 0x00000006d0b00000, 0x00000006d0c00000|  0%| F|  |TS  0|AC  0|TAMS 0x00000006d0b00000, 0x00000006d0b00000|
| 250|0x00000006d0c00000, 0x00000006d0c00000, 0x00000006d0d00000|  0%| F|  |TS  0|AC  0|TAMS 0x00000006d0c00000, 0x00000006d0c00000|
| 251|0x00000006d0d00000, 0x00000006d0df6f48, 0x00000006d0e00000| 96%| E|  |TS  0|AC  0|TAMS 0x00000006d0d00000, 0x00000006d0d00000|
| 252|0x00000006d0e00000, 0x00000006d0f00000, 0x00000006d0f00000|100%| E|CS|TS  0|AC  0|TAMS 0x00000006d0e00000, 0x00000006d0e00000|
| 253|0x00000006d0f00000, 0x00000006d1000000, 0x00000006d1000000|100%| E|CS|TS  0|AC  0|TAMS 0x00000006d0f00000, 0x00000006d0f00000|
| 254|0x00000006d1000000, 0x00000006d1100000, 0x00000006d1100000|100%| E|CS|TS  0|AC  0|TAMS 0x00000006d1000000, 0x00000006d1000000|
| 255|0x00000006d1100000, 0x00000006d1200000, 0x00000006d1200000|100%| E|CS|TS  0|AC  0|TAMS 0x00000006d1100000, 0x00000006d1100000|

Card table byte_map: [0x0000017077bf0000,0x00000170783f0000] byte_map_base: 0x00000170745e7000

Marking Bits (Prev, Next): (CMBitMap*) 0x000001707cc38870, (CMBitMap*) 0x000001707cc388a8
 Prev Bits: [0x0000017078bf0000, 0x000001707cba8000)
 Next Bits: [0x0000017000000000, 0x0000017003fb8000)

Polling page: 0x000001705abf0000

CodeHeap 'non-profiled nmethods': size=120000Kb used=115Kb max_used=115Kb free=119885Kb
 bounds [0x000001706fb80000, 0x000001706fdf0000, 0x00000170770b0000]
CodeHeap 'profiled nmethods': size=120000Kb used=389Kb max_used=389Kb free=119610Kb
 bounds [0x0000017068650000, 0x00000170688c0000, 0x000001706fb80000]
CodeHeap 'non-nmethods': size=5760Kb used=1131Kb max_used=1142Kb free=4628Kb
 bounds [0x00000170680b0000, 0x0000017068320000, 0x0000017068650000]
 total_blobs=738 nmethods=310 adapters=255
 compilation: enabled

Compilation events (10 events):
Event: 0.286 Thread 0x00000170040fc000  306       3       java.lang.invoke.MethodType::equals (29 bytes)
Event: 0.286 Thread 0x00000170040fc000 nmethod 306 0x00000170686ae890 code [0x00000170686aea80, 0x00000170686aeff0]
Event: 0.286 Thread 0x00000170040fc000  308       3       java.lang.invoke.MemberName::testAllFlags (7 bytes)
Event: 0.286 Thread 0x00000170040fc000 nmethod 308 0x00000170686af110 code [0x00000170686af2c0, 0x00000170686af4d8]
Event: 0.286 Thread 0x00000170040fc000  307   !   3       java.lang.invoke.MemberName::getMethodType (203 bytes)
Event: 0.288 Thread 0x00000170040fc000 nmethod 307 0x00000170686af590 code [0x00000170686af8a0, 0x00000170686b0ec0]
Event: 0.288 Thread 0x00000170040fc000  309       1       java.nio.Buffer::limit (5 bytes)
Event: 0.288 Thread 0x00000170040fc000 nmethod 309 0x000001706fb9c510 code [0x000001706fb9c6c0, 0x000001706fb9c7d8]
Event: 8.260 Thread 0x00000170040fc000  310       1       java.nio.Buffer::position (5 bytes)
Event: 8.260 Thread 0x00000170040fc000 nmethod 310 0x000001706fb9c890 code [0x000001706fb9ca40, 0x000001706fb9cb58]

GC Heap History (0 events):
No events

Deoptimization events (3 events):
Event: 0.121 Thread 0x000001705cd21000 Uncommon trap: reason=unstable_if action=reinterpret pc=0x000001706fb89200 method=java.util.AbstractCollection.isEmpty()Z @ 4 c2
Event: 0.166 Thread 0x000001705cd21000 Uncommon trap: reason=unstable_if action=reinterpret pc=0x000001706fb83904 method=java.lang.String.hashCode()I @ 14 c2
Event: 0.228 Thread 0x000001705cd21000 Uncommon trap: reason=unstable_if action=reinterpret pc=0x000001706fb93384 method=java.lang.String.charAt(I)C @ 4 c2

Classes redefined (4 events):
Event: 75.338 Thread 0x000001700408e000 redefined class name=Sort, count=1
Event: 80.733 Thread 0x000001700408e000 redefined class name=Sort, count=2
Event: 137.402 Thread 0x000001700408e000 redefined class name=Sort, count=3
Event: 218.954 Thread 0x000001700408e000 redefined class name=Sort, count=4

Internal exceptions (3 events):
Event: 0.260 Thread 0x000001705cd21000 Exception <a 'java/lang/NoSuchMethodError'{0x00000006d0e5ea60}: java.lang.Object.lambda$negate$3(I)Z> (0x00000006d0e5ea60) thrown at [t:/workspace/open/src/hotspot/share/interpreter/linkResolver.cpp, line 741]
Event: 0.261 Thread 0x000001705cd21000 Exception <a 'java/lang/NoSuchMethodError'{0x00000006d0e61d80}: java.lang.Object.lambda$and$0(Ljava/util/regex/Pattern$CharPredicate;I)Z> (0x00000006d0e61d80) thrown at [t:/workspace/open/src/hotspot/share/interpreter/linkResolver.cpp, line 741]
Event: 0.286 Thread 0x000001705cd21000 Exception <a 'java/lang/NoSuchMethodError'{0x00000006d0d2ca78}: java.lang.Object.lambda$union$2(Ljava/util/regex/Pattern$CharPredicate;I)Z> (0x00000006d0d2ca78) thrown at [t:/workspace/open/src/hotspot/share/interpreter/linkResolver.cpp, line 741]

Events (10 events):
Event: 218.954 Executing VM operation: RedefineClasses done
Event: 218.955 Executing VM operation: GetFrameCount
Event: 218.955 Executing VM operation: GetFrameCount done
Event: 218.955 Executing VM operation: GetFrameCount
Event: 218.955 Executing VM operation: GetFrameCount done
Event: 218.955 Executing VM operation: GetFrameLocation
Event: 218.955 Executing VM operation: GetFrameLocation done
Event: 218.961 Executing VM operation: ChangeBreakpoints
Event: 218.961 Executing VM operation: ChangeBreakpoints done
Event: 218.965 Executing VM operation: GetOrSetLocal


Dynamic libraries:
0x00007ff685ff0000 - 0x00007ff68602e000 	C:\Program Files\Java\jdk-10.0.2\bin\java.exe
0x00007ffc5a3b0000 - 0x00007ffc5a591000 	C:\WINDOWS\SYSTEM32\ntdll.dll
0x00007ffc57aa0000 - 0x00007ffc57b52000 	C:\WINDOWS\System32\KERNEL32.DLL
0x00007ffc56970000 - 0x00007ffc56be3000 	C:\WINDOWS\System32\KERNELBASE.dll
0x00007ffc57bd0000 - 0x00007ffc57c71000 	C:\WINDOWS\System32\ADVAPI32.dll
0x00007ffc57a00000 - 0x00007ffc57a9e000 	C:\WINDOWS\System32\msvcrt.dll
0x00007ffc5a320000 - 0x00007ffc5a37b000 	C:\WINDOWS\System32\sechost.dll
0x00007ffc59ff0000 - 0x00007ffc5a114000 	C:\WINDOWS\System32\RPCRT4.dll
0x00007ffc59770000 - 0x00007ffc59900000 	C:\WINDOWS\System32\USER32.dll
0x00007ffc56ff0000 - 0x00007ffc57010000 	C:\WINDOWS\System32\win32u.dll
0x00007ffc57b90000 - 0x00007ffc57bb8000 	C:\WINDOWS\System32\GDI32.dll
0x00007ffc56780000 - 0x00007ffc56912000 	C:\WINDOWS\System32\gdi32full.dll
0x00007ffc57090000 - 0x00007ffc5712f000 	C:\WINDOWS\System32\msvcp_win.dll
0x00007ffc56ef0000 - 0x00007ffc56fea000 	C:\WINDOWS\System32\ucrtbase.dll
0x00007ffc4b550000 - 0x00007ffc4b7b9000 	C:\WINDOWS\WinSxS\amd64_microsoft.windows.common-controls_6595b64144ccf1df_6.0.17134.523_none_fb409dd930672a56\COMCTL32.dll
0x00007ffc51930000 - 0x00007ffc5193a000 	C:\WINDOWS\SYSTEM32\VERSION.dll
0x00007ffc59c10000 - 0x00007ffc59f32000 	C:\WINDOWS\System32\combase.dll
0x00007ffc57010000 - 0x00007ffc5708a000 	C:\WINDOWS\System32\bcryptPrimitives.dll
0x00007ffc57b60000 - 0x00007ffc57b8d000 	C:\WINDOWS\System32\IMM32.DLL
0x00007ffc2c050000 - 0x00007ffc2c13f000 	C:\Program Files\Java\jdk-10.0.2\bin\msvcr120.dll
0x00007ffc28850000 - 0x00007ffc288f6000 	C:\Program Files\Java\jdk-10.0.2\bin\msvcp120.dll
0x000000005c5d0000 - 0x000000005d040000 	C:\Program Files\Java\jdk-10.0.2\bin\server\jvm.dll
0x00007ffc59be0000 - 0x00007ffc59be8000 	C:\WINDOWS\System32\PSAPI.DLL
0x00007ffc4d580000 - 0x00007ffc4d589000 	C:\WINDOWS\SYSTEM32\WSOCK32.dll
0x00007ffc52eb0000 - 0x00007ffc52ed3000 	C:\WINDOWS\SYSTEM32\WINMM.dll
0x00007ffc59960000 - 0x00007ffc599cc000 	C:\WINDOWS\System32\WS2_32.dll
0x00007ffc52e50000 - 0x00007ffc52e7a000 	C:\WINDOWS\SYSTEM32\WINMMBASE.dll
0x00007ffc56920000 - 0x00007ffc56969000 	C:\WINDOWS\System32\cfgmgr32.dll
0x00007ffc516d0000 - 0x00007ffc516df000 	C:\Program Files\Java\jdk-10.0.2\bin\verify.dll
0x00007ffc40ad0000 - 0x00007ffc40c99000 	C:\WINDOWS\SYSTEM32\DBGHELP.DLL
0x00007ffc40aa0000 - 0x00007ffc40ac9000 	C:\WINDOWS\SYSTEM32\dbgcore.DLL
0x00007ffc4c960000 - 0x00007ffc4c987000 	C:\Program Files\Java\jdk-10.0.2\bin\java.dll
0x00007ffc32770000 - 0x00007ffc327a6000 	C:\Program Files\Java\jdk-10.0.2\bin\jdwp.dll
0x00007ffc2cc70000 - 0x00007ffc2cc9a000 	C:\Program Files\Java\jdk-10.0.2\bin\instrument.dll
0x00007ffc4c940000 - 0x00007ffc4c956000 	C:\Program Files\Java\jdk-10.0.2\bin\zip.dll
0x00007ffc4c930000 - 0x00007ffc4c93a000 	C:\Program Files\Java\jdk-10.0.2\bin\jimage.dll
0x00007ffc58250000 - 0x00007ffc59690000 	C:\WINDOWS\System32\SHELL32.dll
0x00007ffc59f40000 - 0x00007ffc59fe9000 	C:\WINDOWS\System32\shcore.dll
0x00007ffc57130000 - 0x00007ffc5783d000 	C:\WINDOWS\System32\windows.storage.dll
0x00007ffc59900000 - 0x00007ffc59951000 	C:\WINDOWS\System32\shlwapi.dll
0x00007ffc56760000 - 0x00007ffc56771000 	C:\WINDOWS\System32\kernel.appcore.dll
0x00007ffc56740000 - 0x00007ffc5675f000 	C:\WINDOWS\System32\profapi.dll
0x00007ffc566f0000 - 0x00007ffc5673c000 	C:\WINDOWS\System32\powrprof.dll
0x00007ffc566e0000 - 0x00007ffc566ea000 	C:\WINDOWS\System32\FLTLIB.DLL
0x00007ffc4c900000 - 0x00007ffc4c90a000 	C:\Program Files\Java\jdk-10.0.2\bin\dt_socket.dll
0x00007ffc55f40000 - 0x00007ffc55fa6000 	C:\WINDOWS\system32\mswsock.dll
0x00007ffc4c910000 - 0x00007ffc4c92a000 	C:\Program Files\Java\jdk-10.0.2\bin\net.dll
0x00007ffc4f8d0000 - 0x00007ffc4f9ad000 	C:\WINDOWS\SYSTEM32\WINHTTP.dll
0x00007ffc34830000 - 0x00007ffc34841000 	C:\Program Files\Java\jdk-10.0.2\bin\nio.dll

dbghelp: loaded successfully - version: 4.0.5 - missing functions: none
symbol engine: initialized successfully - sym options: 0x614 - pdb path: .;C:\Program Files\Java\jdk-10.0.2\bin;C:\WINDOWS\SYSTEM32;C:\WINDOWS\WinSxS\amd64_microsoft.windows.common-controls_6595b64144ccf1df_6.0.17134.523_none_fb409dd930672a56;C:\Program Files\Java\jdk-10.0.2\bin\server

VM Arguments:
jvm_args: -agentlib:jdwp=transport=dt_socket,address=127.0.0.1:55612,suspend=y,server=n -javaagent:C:\Users\jmmar\.IdeaIC2018.2\system\captureAgent\debugger-agent.jar=file:/C:/Users/jmmar/AppData/Local/Temp/capture.props -Dfile.encoding=UTF-8 
java_command: Sort
java_class_path (initial): C:\Users\jmmar\IdeaProjects\Ordenação\out\production\Ordenação;C:\Program Files\JetBrains\IntelliJ IDEA Community Edition 2018.2.4\lib\idea_rt.jar
Launcher Type: SUN_STANDARD

Logging:
Log output configuration:
#0: stdout all=warning uptime,level,tags
#1: stderr all=off uptime,level,tags

Environment Variables:
PATH=C:\Program Files (x86)\Common Files\Oracle\Java\javapath;C:\ProgramData\Oracle\Java\javapath;C:\WINDOWS\system32;C:\WINDOWS;C:\WINDOWS\System32\Wbem;C:\WINDOWS\System32\WindowsPowerShell\v1.0\;C:\Program Files (x86)\NVIDIA Corporation\PhysX\Common;C:\WINDOWS\system32;C:\WINDOWS;C:\WINDOWS\System32\Wbem;C:\WINDOWS\System32\WindowsPowerShell\v1.0\;C:\WINDOWS\System32\OpenSSH\;C:\TDM-GCC-64\bin;C:\Users\jmmar\AppData\Local\Microsoft\WindowsApps;
USERNAME=jmmar
OS=Windows_NT
PROCESSOR_IDENTIFIER=Intel64 Family 6 Model 60 Stepping 3, GenuineIntel



---------------  S Y S T E M  ---------------

OS: Windows 10 , 64 bit Build 17134 (10.0.17134.1)

CPU:total 8 (initial active 8) (4 cores per cpu, 2 threads per core) family 6 model 60 stepping 3, cmov, cx8, fxsr, mmx, sse, sse2, sse3, ssse3, sse4.1, sse4.2, popcnt, avx, avx2, aes, clmul, erms, lzcnt, ht, tsc, tscinvbit, bmi1, bmi2, fma

Memory: 4k page, physical 16695540k(8286776k free), swap 19185908k(3339636k free)

vm_info: Java HotSpot(TM) 64-Bit Server VM (10.0.2+13) for windows-amd64 JRE (10.0.2+13), built on Jun 28 2018 01:57:56 by "mach5one" with MS VC++ 12.0 (VS2013)

END.
