#
# A fatal error has been detected by the Java Runtime Environment:
#
#  EXCEPTION_ACCESS_VIOLATION (0xc0000005) at pc=0x0000000000000000, pid=11148, tid=12644
#
# JRE version: Java(TM) SE Runtime Environment (10.0.2+13) (build 10.0.2+13)
# Java VM: Java HotSpot(TM) 64-Bit Server VM (10.0.2+13, mixed mode, tiered, compressed oops, g1 gc, windows-amd64)
# Problematic frame:
# C  0x0000000000000000
#
# No core dump will be written. Minidumps are not enabled by default on client versions of Windows
#
# If you would like to submit a bug report, please visit:
#   http://bugreport.java.com/bugreport/crash.jsp
#

---------------  S U M M A R Y ------------

Command Line: -agentlib:jdwp=transport=dt_socket,address=127.0.0.1:53533,suspend=y,server=n -javaagent:C:\Users\jmmar\.IdeaIC2018.2\system\captureAgent\debugger-agent.jar=file:/C:/Users/jmmar/AppData/Local/Temp/capture.props -Dfile.encoding=UTF-8 Sort

Host: Intel(R) Core(TM) i7-4710HQ CPU @ 2.50GHz, 8 cores, 15G,  Windows 10 , 64 bit Build 17134 (10.0.17134.1)
Time: Sun Jan 20 17:45:47 2019 Hora padrão de GMT elapsed time: 407 seconds (0d 0h 6m 47s)

---------------  T H R E A D  ---------------

Current thread (0x00000262ff786800):  JavaThread "main" [_thread_in_Java, id=12644, stack(0x000000f92d100000,0x000000f92d200000)]

Stack: [0x000000f92d100000,0x000000f92d200000],  sp=0x000000f92d1fee58,  free space=1019k
Native frames: (J=compiled Java code, j=interpreted, Vv=VM code, C=native code)


siginfo: EXCEPTION_ACCESS_VIOLATION (0xc0000005), data execution prevention violation at address 0x0000000000000000


Register to memory mapping:

RIP=0x0000000000000000 is an unknown value
RAX=